3 0 151 230 
2 1 196 
3 2 184 232 
3 3 102 217 
3 4 127 254 
3 5 122 240 
4 6 131 235 292 
4 7 105 188 281 
3 8 160 263 
3 9 136 260 
2 10 233 
2 11 261 
3 12 195 266 
4 13 129 222 249 
4 14 115 176 257 
3 15 162 287 
2 16 203 
4 17 128 193 212 
3 18 166 218 
4 19 159 215 293 
2 20 181 
3 21 141 294 
4 22 140 253 274 
3 23 179 279 
3 24 101 194 
3 25 192 223 
3 26 114 265 
3 27 126 295 
3 28 173 241 
3 29 137 208 
3 30 106 236 
3 31 148 245 
4 32 182 255 296 
2 33 252 
3 34 133 248 
3 35 116 243 
3 36 164 276 
3 37 165 251 
3 38 150 220 
4 39 142 206 299 
2 40 161 
2 41 174 
2 42 229 
3 43 172 282 
4 44 109 144 198 
3 45 104 258 
3 46 168 264 
3 47 199 268 
2 48 205 
2 49 228 
3 50 169 219 
3 51 119 213 
4 52 130 171 275 
2 53 152 
2 54 202 
3 55 111 201 
4 56 117 246 272 
2 57 185 
4 58 110 189 247 
3 59 155 231 
3 60 121 262 
4 61 107 190 271 
3 62 134 238 
2 63 200 
3 64 113 210 
3 65 154 244 
3 66 103 207 
3 67 138 267 
3 68 175 297 
3 69 143 216 
3 70 153 239 
3 71 145 256 
3 72 123 209 
2 73 177 
3 74 170 284 
4 75 157 270 278 
3 76 149 286 
3 77 146 288 
3 78 125 204 
3 79 167 291 
3 80 186 285 
3 81 178 259 
3 82 118 197 
3 83 225 290 
3 84 139 250 
3 85 183 227 
3 86 120 242 
4 87 158 234 280 
3 88 191 273 
2 89 224 
3 90 132 221 
3 91 124 226 
3 92 147 214 
4 93 100 112 277 
3 94 187 237 
3 95 135 269 
3 96 211 298 
3 97 180 283 
3 98 163 289 
3 99 108 156 
