62 0 128 283 338 448 479 566 597 683 761 856 956 1036 1085 1144 1190 1260 1293 1410 1486 1503 1561 1629 1736 1844 1893 1992 2053 2120 2152 2216 2278 2325 2380 2475 2513 2579 2661 2717 2877 2967 3060 3185 3288 3345 3418 3460 3512 3573 3657 3800 3897 4007 4160 4248 4337 4417 4464 4524 4626 4696 4791 
59 1 154 242 292 405 489 598 618 657 707 809 830 878 950 1035 1115 1201 1270 1376 1451 1519 1610 1761 1837 1882 1952 2056 2090 2221 2277 2354 2489 2581 2692 2756 2845 2968 3051 3135 3164 3303 3406 3469 3566 3647 3747 3828 3914 3975 4065 4108 4162 4306 4367 4414 4461 4591 4669 4756 
56 2 156 269 415 504 626 699 851 972 1049 1150 1196 1283 1367 1418 1509 1560 1621 1705 1840 1911 1979 2020 2106 2273 2332 2418 2473 2528 2599 2643 2752 2889 2962 3011 3082 3194 3283 3373 3472 3517 3558 3609 3661 3764 3860 3973 4067 4131 4184 4264 4342 4468 4521 4631 4737 
64 3 167 250 310 342 420 487 516 632 697 792 835 921 1029 1109 1203 1259 1325 1412 1516 1604 1660 1718 1809 1922 1981 2114 2168 2262 2320 2365 2445 2496 2570 2589 2655 2705 2804 2856 2939 3000 3070 3177 3217 3293 3372 3443 3485 3522 3653 3733 3820 3868 3969 4064 4135 4222 4295 4401 4445 4516 4609 4664 4762 
59 4 89 245 282 350 409 478 532 589 659 719 801 852 970 1106 1180 1299 1390 1438 1494 1568 1663 1764 1799 1870 1956 2028 2111 2231 2367 2491 2565 2618 2720 2808 2860 2919 3054 3139 3286 3356 3389 3464 3565 3641 3711 3792 3885 3934 4057 4116 4201 4294 4344 4428 4500 4543 4614 4720 
58 5 130 214 273 339 443 539 646 712 813 895 1018 1077 1193 1300 1378 1424 1512 1637 1702 1789 1898 1983 2040 2071 2179 2243 2306 2369 2468 2539 2612 2686 2832 2878 2948 3048 3115 3144 3184 3235 3278 3383 3453 3538 3584 3708 3774 3877 3920 3961 4063 4153 4223 4296 4372 4515 4622 
55 6 119 194 288 362 398 536 611 685 720 807 891 969 1054 1205 1268 1404 1535 1625 1734 1795 1845 1948 2054 2097 2122 2228 2327 2416 2557 2657 2780 2820 2913 2964 3093 3207 3308 3370 3426 3523 3563 3644 3715 3853 3931 4003 4038 4180 4246 4311 4396 4531 4619 4741 
57 7 157 209 327 397 475 548 631 794 912 987 1052 1088 1153 1221 1285 1347 1457 1569 1659 1698 1787 1858 1878 1931 2026 2137 2210 2270 2340 2459 2498 2575 2642 2737 2831 2886 2981 3042 3061 3108 3226 3375 3479 3634 3740 3822 3907 3998 4113 4178 4235 4330 4398 4526 4644 4714 
59 8 102 188 277 375 430 491 572 674 736 811 865 915 991 1091 1250 1282 1379 1551 1631 1765 1794 1921 1987 2103 2169 2186 2267 2353 2399 2465 2497 2608 2668 2704 2762 2855 2925 3084 3161 3266 3332 3433 3463 3537 3585 3717 3772 3847 3922 4002 4101 4220 4339 4492 4552 4581 4648 4738 
56 9 179 317 400 525 594 641 725 814 951 1014 1103 1178 1232 1272 1344 1427 1477 1600 1723 1843 1926 1988 2069 2151 2241 2376 2485 2530 2652 2785 2857 3007 3047 3089 3148 3176 3270 3361 3438 3494 3582 3716 3726 3863 3935 4014 4114 4182 4290 4323 4400 4528 4625 4682 4729 
61 10 98 171 229 328 406 513 579 636 751 832 883 955 993 1101 1176 1209 1318 1459 1536 1606 1701 1797 1884 1968 2052 2153 2212 2237 2344 2383 2447 2594 2697 2759 2862 2952 2997 3075 3158 3218 3259 3322 3412 3471 3545 3694 3824 3900 4006 4050 4079 4206 4251 4326 4429 4476 4582 4686 4749 4814 
63 11 168 212 246 356 419 542 649 733 803 882 959 1022 1149 1213 1227 1348 1385 1510 1557 1611 1709 1774 1864 1941 1995 2016 2082 2194 2329 2463 2534 2587 2699 2744 2776 2872 2928 2979 3068 3152 3229 3350 3394 3466 3527 3615 3659 3713 3763 3842 3928 4016 4102 4167 4232 4293 4373 4440 4502 4603 4681 4763 
59 12 151 205 262 335 463 518 574 706 816 958 1057 1157 1297 1374 1447 1574 1717 1798 1910 1975 2057 2124 2171 2215 2349 2452 2509 2582 2672 2740 2791 2858 2903 2965 3014 3128 3201 3325 3457 3536 3598 3666 3749 3825 3876 3937 4048 4124 4211 4278 4347 4427 4451 4489 4567 4636 4668 4772 
59 13 90 138 247 324 374 454 466 553 664 765 797 849 961 1013 1116 1168 1244 1332 1416 1484 1563 1644 1708 1806 1903 1989 2079 2135 2204 2284 2386 2511 2578 2703 2784 2904 3016 3103 3193 3276 3430 3491 3607 3679 3767 3832 3883 3994 4061 4129 4152 4262 4360 4456 4569 4654 4725 4819 
57 14 112 215 305 407 442 509 564 628 701 764 844 937 1062 1122 1225 1324 1392 1508 1618 1682 1763 1810 1927 1993 2112 2172 2260 2366 2414 2477 2597 2677 2712 2839 2896 3015 3069 3138 3172 3272 3333 3439 3489 3567 3677 3794 3939 3982 4033 4118 4226 4307 4420 4507 4556 4602 
55 15 169 235 281 345 462 545 656 777 820 928 1021 1120 1194 1277 1346 1372 1479 1585 1668 1744 1838 1933 1959 1984 2031 2108 2202 2285 2350 2421 2553 2634 2716 2803 2900 2990 3105 3188 3281 3380 3449 3539 3616 3744 3878 3989 4062 4204 4320 4410 4491 4547 4621 4700 
55 16 141 223 287 390 511 624 743 868 927 1011 1081 1185 1269 1361 1402 1502 1552 1634 1719 1808 1873 2027 2043 2121 2224 2312 2374 2438 2494 2568 2689 2764 2884 2970 3081 3096 3173 3254 3371 3401 3451 3589 3665 3753 3813 3890 3915 4017 4217 4328 4437 4498 4588 4705 
56 17 126 227 344 394 526 609 708 756 837 894 1023 1084 1119 1187 1273 1336 1373 1454 1526 1615 1738 1842 1962 2035 2142 2214 2318 2400 2458 2550 2663 2707 2815 2891 3024 3114 3156 3212 3264 3335 3402 3526 3612 3719 3834 3944 4019 4132 4200 4298 4382 4454 4525 4658 4713 
54 18 108 193 325 371 482 568 692 774 886 985 1083 1148 1255 1340 1388 1475 1586 1693 1793 1896 1958 2074 2156 2251 2309 2396 2448 2526 2610 2675 2760 2863 3025 3125 3241 3309 3416 3520 3623 3655 3738 3819 3894 3971 4051 4151 4268 4346 4421 4465 4615 4706 4744 
57 19 129 187 274 348 426 558 671 735 786 840 929 996 1146 1210 1289 1360 1507 1589 1683 1759 1871 1996 2047 2131 2196 2271 2314 2410 2512 2584 2683 2792 2879 3002 3124 3205 3277 3348 3379 3465 3547 3652 3692 3867 3927 3987 4058 4176 4250 4332 4442 4542 4571 4608 4689 4769 
58 20 148 239 349 425 476 561 629 700 763 841 910 977 1105 1219 1304 1403 1497 1554 1651 1690 1741 1854 1949 2083 2198 2348 2422 2480 2529 2674 2706 2765 2810 2853 2912 2987 3104 3189 3242 3314 3377 3446 3534 3712 3775 3869 4052 4111 4170 4266 4353 4418 4457 4570 4665 4683 4790 
56 21 106 164 191 264 313 421 540 642 731 861 971 1016 1061 1099 1208 1245 1371 1505 1588 1640 1686 1762 1803 1895 2019 2167 2256 2324 2467 2518 2609 2688 2824 2983 3035 3095 3162 3251 3364 3459 3570 3613 3670 3766 3839 3905 3988 4037 4078 4189 4304 4393 4494 4618 4712 
61 22 81 115 166 255 354 424 523 676 757 819 952 988 1058 1110 1195 1313 1354 1436 1522 1605 1687 1747 1823 1942 2048 2229 2249 2343 2451 2514 2532 2684 2745 2805 2929 2963 3079 3140 3160 3233 3295 3338 3369 3435 3561 3650 3720 3786 3849 3990 4012 4098 4188 4240 4291 4375 4463 4513 4583 4667 
59 23 114 228 322 393 508 583 711 758 866 936 1020 1104 1138 1186 1264 1320 1381 1525 1639 1746 1841 1923 2001 2102 2185 2310 2391 2482 2544 2637 2748 2771 2880 3010 3062 3180 3232 3334 3450 3518 3557 3629 3687 3783 3844 3888 3916 3953 4020 4128 4202 4273 4394 4485 4536 4595 4673 4746 
59 24 135 233 290 414 458 537 650 742 805 889 989 1030 1147 1309 1432 1490 1576 1649 1724 1811 1913 2025 2062 2130 2206 2319 2388 2466 2559 2647 2768 2851 2946 3023 3127 3223 3265 3352 3429 3568 3625 3667 3732 3808 3850 3950 4055 4121 4197 4265 4299 4389 4434 4530 4612 4651 4722 4766 
58 25 96 216 275 382 459 480 571 617 709 772 880 1002 1089 1184 1241 1307 1350 1423 1501 1594 1685 1807 1855 1917 2021 2067 2180 2292 2364 2457 2506 2592 2616 2739 2827 2935 2961 3073 3195 3285 3408 3504 3580 3630 3695 3809 3862 3906 3980 4080 4143 4209 4301 4426 4597 4680 4754 
64 26 82 149 271 329 367 441 515 593 705 762 888 954 1028 1126 1226 1253 1296 1322 1380 1441 1580 1609 1715 1784 1866 1924 2010 2081 2181 2227 2339 2425 2469 2543 2605 2694 2779 2840 2933 3030 3083 3237 3306 3393 3440 3591 3640 3709 3769 3866 3930 3978 4030 4092 4168 4236 4345 4408 4472 4529 4610 4692 4755 
57 27 146 206 316 410 495 555 639 679 740 839 934 1040 1130 1215 1256 1355 1440 1528 1623 1743 1818 1951 2013 2128 2254 2313 2387 2444 2499 2671 2735 2812 2866 2922 2986 3049 3099 3255 3328 3407 3548 3608 3633 3702 3780 3830 3992 4076 4185 4230 4271 4385 4450 4538 4604 4672 
65 28 97 117 195 217 265 337 369 434 551 602 662 684 773 858 944 999 1108 1189 1223 1314 1375 1463 1542 1601 1776 1890 1986 2044 2125 2165 2283 2330 2428 2525 2629 2687 2742 2830 2901 2956 3033 3087 3165 3231 3294 3340 3398 3467 3576 3662 3743 3821 3923 4000 4086 4139 4247 4338 4374 4460 4550 4599 4659 4730 
59 29 150 256 319 360 468 616 645 696 875 940 1060 1112 1197 1290 1435 1533 1646 1758 1856 1874 1939 1994 2033 2099 2213 2316 2392 2476 2567 2603 2680 2738 2813 2888 3006 3092 3178 3263 3291 3388 3455 3505 3583 3689 3759 3815 3957 4032 4106 4174 4238 4277 4325 4403 4501 4562 4629 4719 
55 30 170 289 363 461 502 573 663 780 846 899 986 1032 1098 1166 1288 1364 1458 1545 1593 1624 1725 1813 1901 1963 2038 2092 2184 2280 2406 2507 2556 2690 2796 2916 3039 3121 3253 3363 3492 3531 3614 3707 3779 3807 3898 3984 4120 4138 4237 4363 4425 4533 4642 4724 
61 31 161 232 351 416 467 569 644 678 781 828 904 967 1067 1169 1182 1228 1312 1445 1549 1626 1704 1769 1829 1935 2006 2136 2190 2269 2304 2352 2456 2590 2678 2734 2799 2868 2909 2999 3020 3053 3133 3216 3269 3358 3386 3529 3550 3620 3684 3777 3859 3936 3965 4035 4130 4276 4405 4496 4573 4715 
62 32 125 182 218 270 347 481 576 635 741 838 968 994 1074 1161 1183 1271 1329 1389 1433 1517 1599 1692 1782 1832 1877 1999 2091 2154 2247 2335 2432 2495 2602 2646 2715 2844 2897 2943 3037 3052 3131 3280 3391 3445 3480 3555 3628 3703 3823 3872 3966 4084 4122 4191 4286 4365 4478 4554 4596 4708 4806 
64 33 92 165 252 341 388 445 465 527 668 726 800 876 926 1073 1170 1281 1393 1500 1571 1619 1648 1691 1751 1852 1915 1955 2022 2123 2239 2294 2370 2433 2504 2588 2667 2751 2800 2828 2870 2992 3057 3182 3256 3315 3411 3490 3597 3660 3729 3919 4010 4099 4127 4187 4239 4282 4343 4378 4466 4553 4640 4718 4765 
63 34 123 192 236 278 299 383 453 501 560 614 643 759 862 919 946 1019 1156 1237 1326 1428 1481 1548 1642 1720 1752 1835 1909 2012 2068 2182 2226 2252 2323 2431 2585 2733 2772 2794 2915 2975 3018 3110 3186 3252 3275 3405 3487 3552 3651 3762 3793 3912 3993 4109 4199 4297 4350 4430 4514 4635 4727 4794 
54 35 136 213 318 392 423 588 710 864 945 1078 1160 1247 1397 1472 1582 1627 1731 1824 1912 2009 2036 2093 2199 2287 2382 2478 2558 2656 2778 2852 2918 2969 3086 3163 3273 3422 3476 3586 3637 3714 3812 3964 4011 4100 4231 4321 4407 4459 4508 4555 4584 4663 4743 
57 36 95 181 231 298 352 411 496 565 675 760 885 917 1004 1046 1102 1172 1261 1335 1368 1466 1543 1595 1645 1697 1773 1872 1929 2037 2119 2225 2315 2403 2453 2586 2695 2719 2814 2902 2989 3008 3085 3190 3326 3419 3454 3569 3673 3788 3886 4026 4198 4387 4509 4601 4652 4704 
60 37 159 220 300 429 490 550 652 702 793 842 939 1031 1136 1181 1248 1411 1514 1538 1607 1681 1783 1833 1914 1980 2060 2132 2203 2268 2331 2385 2430 2522 2620 2658 2730 2797 2838 2974 3076 3175 3244 3304 3382 3510 3577 3595 3701 3817 3889 3967 4044 4125 4221 4317 4395 4486 4589 4674 4721 
60 38 85 198 257 315 378 450 514 637 779 870 920 983 1065 1163 1214 1333 1363 1455 1575 1636 1676 1767 1853 1925 1982 2104 2242 2347 2395 2471 2535 2617 2649 2789 2885 3005 3077 3111 3203 3298 3378 3437 3506 3606 3658 3784 3838 3963 4107 4142 4241 4284 4318 4415 4469 4565 4613 4702 4760 
61 39 88 134 280 436 567 689 713 784 847 909 1005 1090 1206 1306 1413 1540 1598 1650 1680 1750 1802 1868 1947 1971 2101 2197 2289 2379 2441 2521 2573 2601 2685 2821 2865 2954 3044 3112 3146 3214 3362 3417 3508 3619 3675 3757 3902 3938 3986 4036 4133 4164 4244 4305 4358 4438 4522 4657 4759 4822 
57 40 105 199 336 507 591 665 718 802 845 916 1037 1095 1171 1239 1263 1339 1442 1488 1579 1669 1735 1814 1859 1887 1998 2113 2191 2291 2397 2460 2505 2583 2645 2708 2835 2958 3050 3247 3301 3381 3456 3499 3579 3674 3727 3887 4008 4081 4141 4216 4312 4390 4487 4548 4660 4745 
57 41 174 208 285 358 470 620 695 769 877 931 1027 1082 1134 1198 1317 1443 1473 1570 1662 1722 1801 1906 1965 2041 2085 2134 2166 2189 2246 2303 2390 2490 2554 2665 2750 2876 2980 3088 3136 3198 3234 3287 3399 3509 3664 3795 3875 3959 4073 4154 4267 4355 4432 4479 4598 4698 
58 42 94 147 258 365 444 484 577 625 717 776 871 935 984 1071 1137 1280 1366 1452 1529 1630 1700 1777 1860 1957 2003 2088 2275 2346 2436 2542 2638 2755 2807 2869 2973 3059 3137 3224 3355 3503 3690 3755 3837 3874 3933 3974 4046 4126 4213 4319 4419 4510 4586 4649 4670 4753 4796 
53 43 87 172 295 366 456 521 599 638 724 795 907 1009 1044 1131 1202 1337 1425 1506 1578 1628 1729 1820 1888 1967 2075 2148 2250 2336 2510 2572 2682 2709 2850 2993 3031 3141 3245 3311 3428 3553 3649 3758 3891 3952 4022 4085 4183 4270 4406 4503 4578 4656 
62 44 142 180 302 427 520 596 682 754 823 884 947 1000 1100 1152 1257 1323 1356 1406 1453 1534 1581 1661 1748 1825 1916 2064 2149 2209 2265 2357 2398 2440 2486 2607 2664 2788 2953 3040 3142 3192 3246 3305 3374 3413 3482 3556 3654 3736 3835 3948 4025 4088 4150 4203 4281 4392 4444 4523 4579 4628 4693 
61 45 109 175 331 418 544 647 721 806 908 941 1001 1075 1204 1238 1274 1369 1430 1493 1603 1675 1730 1771 1846 1945 2030 2138 2173 2248 2263 2326 2405 2531 2563 2621 2741 2875 2949 3034 3168 3300 3353 3488 3626 3699 3785 3829 3870 3921 3995 4068 4193 4234 4280 4322 4431 4467 4532 4655 4701 4798 
58 46 116 237 321 381 433 485 556 627 680 767 817 893 980 1055 1079 1165 1251 1303 1370 1449 1531 1632 1770 1861 1970 2051 2144 2240 2345 2470 2613 2713 2787 2881 2977 3045 3119 3213 3318 3448 3524 3581 3704 3796 3879 3932 4021 4047 4115 4218 4289 4361 4473 4559 4620 4726 4776 
62 47 133 251 312 431 529 581 653 722 782 831 914 1050 1123 1243 1327 1409 1485 1555 1655 1755 1805 1863 1930 2011 2110 2174 2230 2295 2371 2415 2464 2487 2548 2598 2641 2722 2770 2908 2941 2988 3027 3107 3220 3268 3310 3395 3501 3592 3645 3771 3855 3925 3970 4070 4186 4279 4331 4377 4416 4495 4679 
60 48 104 177 203 333 386 472 547 621 670 746 799 859 943 1012 1053 1097 1129 1216 1349 1429 1474 1556 1617 1678 1721 1788 1819 1883 1969 2087 2155 2282 2368 2442 2546 2636 2795 2887 2971 3021 3118 3211 3316 3404 3551 3632 3724 3816 3901 3977 4054 4087 4190 4260 4329 4413 4512 4645 4732 
57 49 110 190 293 408 528 600 693 728 791 879 976 1051 1128 1229 1401 1492 1546 1664 1790 1880 1943 2014 2126 2245 2322 2372 2481 2536 2624 2662 2725 2829 2898 2921 3004 3066 3169 3257 3313 3366 3484 3622 3678 3735 3811 3827 3911 3983 4041 4146 4212 4340 4397 4453 4575 4709 
59 50 103 207 267 377 483 570 698 768 869 990 1068 1124 1230 1321 1377 1450 1491 1537 1666 1732 1796 1879 1976 2018 2084 2160 2255 2317 2402 2533 2577 2623 2702 2817 2923 3017 3150 3209 3274 3330 3392 3441 3514 3621 3663 3700 3761 3797 3917 4077 4172 4314 4379 4423 4493 4546 4647 4734 
58 51 118 186 222 308 457 512 586 687 747 857 922 957 1034 1159 1276 1338 1414 1515 1584 1657 1694 1848 1897 1997 2029 2129 2195 2276 2355 2434 2562 2633 2666 2781 2837 2940 3074 3134 3221 3336 3452 3574 3624 3723 3773 3840 3929 3997 4072 4173 4245 4283 4359 4483 4540 4624 4717 
56 52 120 221 320 370 486 562 630 787 873 960 1063 1145 1212 1242 1308 1341 1383 1476 1565 1667 1706 1742 1785 1889 1960 2094 2178 2257 2298 2419 2541 2630 2711 2777 2861 2995 3100 3210 3342 3498 3601 3696 3734 3845 3913 3955 4042 4145 4208 4288 4334 4448 4505 4633 4697 
58 53 143 238 307 404 473 584 633 737 843 900 953 1033 1113 1154 1233 1302 1398 1444 1469 1523 1643 1713 1772 1828 1940 2065 2140 2233 2286 2333 2461 2566 2640 2724 2757 2867 2934 3001 3106 3170 3248 3384 3507 3602 3669 3806 3895 4015 4105 4181 4316 4380 4481 4545 4623 4711 4783 
61 54 121 200 261 380 435 585 654 796 853 906 1072 1175 1236 1301 1384 1462 1530 1573 1613 1707 1830 1966 2063 2098 2139 2177 2235 2301 2393 2462 2517 2593 2635 2728 2806 2871 2942 3019 3117 3240 3289 3349 3468 3519 3605 3671 3745 3791 3864 3972 4043 4117 4169 4259 4366 4422 4474 4592 4639 4703 
58 55 173 241 304 340 417 474 538 634 730 789 850 903 973 1038 1121 1188 1279 1394 1489 1558 1633 1670 1745 1886 2055 2116 2266 2359 2508 2574 2614 2673 2732 2811 2938 3046 3094 3196 3351 3420 3462 3515 3562 3725 3782 3856 4018 4028 4112 4219 4258 4357 4452 4561 4662 4723 4779 
59 56 91 162 263 311 399 494 578 610 703 818 863 979 1087 1220 1295 1399 1483 1620 1792 1851 1937 1961 1978 2049 2141 2192 2264 2299 2381 2454 2551 2628 2729 2798 2911 3012 3126 3208 3243 3360 3458 3497 3603 3672 3790 3826 3881 3951 4040 4090 4137 4194 4313 4424 4564 4688 4748 4803 
61 57 83 127 153 185 291 368 469 549 603 622 686 785 848 942 1008 1042 1127 1222 1319 1417 1456 1541 1673 1768 1791 1881 1977 2024 2146 2200 2290 2401 2455 2488 2547 2604 2727 2818 2906 3029 3063 3215 3271 3368 3442 3532 3590 3685 3776 3873 3943 4005 4136 4179 4275 4371 4433 4517 4577 4716 
58 58 101 260 326 379 428 498 563 658 716 804 890 932 1015 1111 1207 1258 1391 1482 1614 1679 1753 1849 1934 2061 2100 2161 2234 2342 2409 2500 2596 2650 2801 2834 2882 2972 3065 3179 3225 3344 3403 3483 3533 3636 3722 3831 3918 4004 4093 4134 4205 4302 4402 4499 4568 4685 4742 
61 59 93 132 226 284 376 493 604 660 729 788 826 964 1024 1066 1192 1265 1311 1386 1448 1480 1572 1658 1712 1754 1847 1908 2002 2089 2201 2288 2341 2412 2540 2619 2696 2726 2802 2864 2936 2998 3098 3202 3297 3396 3535 3600 3680 3798 3884 3991 4074 4155 4227 4315 4391 4449 4506 4594 4694 4802 
58 60 145 240 412 499 519 552 623 672 748 827 905 998 1048 1135 1224 1287 1421 1511 1638 1671 1760 1834 1928 2023 2073 2176 2321 2427 2502 2600 2632 2714 2774 2848 2914 2930 2984 3097 3145 3260 3321 3341 3400 3473 3543 3618 3710 3836 3910 3981 4097 4166 4229 4386 4480 4539 4637 
58 61 158 225 286 385 401 492 517 606 690 745 824 913 1006 1164 1240 1331 1400 1470 1532 1596 1677 1740 1804 1867 2017 2096 2223 2308 2437 2492 2644 2693 2749 2843 2905 2959 3109 3174 3199 3284 3390 3486 3546 3693 3751 3804 3892 3945 4024 4089 4144 4274 4404 4471 4519 4585 4728 
57 62 152 234 359 460 505 592 694 790 930 997 1125 1284 1415 1478 1562 1656 1696 1800 1875 1954 2078 2159 2188 2222 2300 2356 2443 2549 2615 2691 2775 2816 2849 2985 3102 3167 3302 3317 3385 3540 3627 3737 3802 3851 3942 4039 4119 4177 4269 4335 4475 4551 4634 4676 4710 4757 
59 63 160 230 294 361 447 534 714 815 901 975 1133 1246 1343 1426 1544 1583 1695 1781 1907 2007 2115 2193 2217 2293 2337 2375 2417 2527 2625 2766 2892 2951 3038 3132 3236 3282 3329 3409 3495 3530 3646 3752 3810 3908 3999 4053 4091 4171 4210 4309 4364 4409 4477 4541 4632 4671 4707 4789 
63 64 163 201 303 403 510 541 605 651 753 825 881 978 1039 1092 1141 1252 1294 1408 1431 1498 1550 1635 1749 1839 1920 2015 2066 2127 2220 2281 2378 2435 2538 2576 2654 2721 2761 2873 2924 3003 3091 3159 3250 3365 3461 3496 3559 3631 3731 3768 3841 3947 4001 4034 4110 4196 4292 4376 4482 4566 4650 4750 
59 65 176 266 357 439 531 613 673 732 874 995 1043 1114 1262 1328 1395 1460 1587 1654 1727 1816 1964 2072 2109 2145 2211 2296 2429 2537 2622 2701 2769 2825 2945 2994 3043 3071 3120 3222 3324 3357 3410 3481 3560 3648 3750 3781 3805 3871 3976 4027 4123 4256 4381 4490 4558 4606 4641 4778 
59 66 107 204 243 387 506 535 601 734 810 867 933 1059 1139 1267 1315 1420 1495 1591 1739 1831 1953 2070 2208 2305 2360 2450 2484 2561 2681 2754 2790 2883 2932 2966 3041 3149 3197 3238 3312 3359 3423 3475 3564 3643 3728 3739 3760 3896 3968 4060 4149 4252 4303 4352 4447 4534 4630 4699 
60 67 210 301 389 446 477 524 640 822 924 1025 1069 1080 1132 1211 1351 1382 1471 1521 1641 1711 1827 1892 1919 1990 2045 2117 2170 2258 2363 2420 2501 2564 2679 2793 2854 2937 2982 3067 3171 3228 3339 3470 3528 3572 3610 3688 3778 3956 4069 4161 4224 4255 4362 4470 4549 4587 4611 4684 4747 
59 68 86 178 272 314 422 543 655 723 755 896 966 1045 1142 1173 1218 1249 1362 1419 1461 1612 1766 1817 1894 2042 2147 2183 2236 2311 2373 2411 2523 2626 2710 2823 2890 2976 3055 3143 3191 3258 3323 3432 3500 3593 3682 3705 3748 3818 3904 4056 4104 4157 4242 4368 4441 4504 4574 4687 
60 69 122 183 244 309 391 440 503 582 681 752 771 834 898 974 1026 1167 1200 1298 1358 1437 1520 1597 1699 1778 1826 1936 2000 2107 2187 2219 2307 2404 2560 2639 2747 2846 2910 2955 3058 3147 3187 3337 3397 3447 3544 3594 3718 3833 3880 3962 4049 4148 4225 4349 4443 4520 4600 4739 4810 
63 70 131 253 323 372 437 533 607 691 744 812 911 962 1064 1118 1191 1292 1387 1467 1547 1647 1703 1822 1885 1946 1972 2050 2118 2205 2261 2384 2424 2524 2611 2723 2763 2847 2931 2996 3090 3153 3267 3343 3415 3549 3635 3681 3801 3843 3865 3903 3954 3996 4031 4140 4257 4341 4399 4436 4511 4607 4653 4691 
60 71 100 144 268 332 413 530 590 688 749 798 923 1076 1217 1266 1334 1396 1527 1622 1684 1728 1812 1862 1904 1985 2059 2133 2238 2358 2413 2474 2520 2606 2659 2782 2833 2917 2978 3078 3181 3230 3262 3354 3421 3513 3571 3617 3697 3742 3858 3940 4071 4147 4215 4324 4356 4411 4537 4616 4661 
60 72 84 124 189 279 330 438 500 595 770 854 982 1094 1174 1231 1357 1446 1518 1577 1590 1726 1857 1905 2005 2077 2150 2274 2408 2479 2580 2676 2746 2786 2826 2927 2991 3080 3151 3249 3320 3436 3521 3588 3656 3698 3787 3899 3960 4066 4103 4163 4228 4243 4310 4384 4435 4535 4576 4677 4780 
58 73 155 296 353 455 522 612 667 783 887 948 1047 1117 1235 1305 1359 1405 1487 1592 1672 1716 1779 1836 1974 2076 2158 2232 2297 2389 2493 2555 2627 2660 2743 2773 2894 2957 3022 3072 3129 3261 3346 3502 3541 3604 3686 3754 3852 4029 4096 4158 4263 4354 4370 4497 4590 4675 4731 
60 74 113 197 249 373 432 497 557 619 666 739 836 918 965 1003 1107 1155 1199 1316 1434 1539 1608 1737 1786 1850 1899 2004 2095 2163 2253 2351 2426 2472 2545 2670 2736 2859 2893 2926 3032 3130 3239 3307 3424 3511 3642 3721 3803 3848 3941 4045 4156 4207 4253 4369 4446 4527 4572 4638 4735 
62 75 140 196 306 364 451 554 648 704 715 808 872 938 1010 1140 1291 1365 1422 1504 1567 1653 1710 1756 1869 1932 2008 2086 2207 2362 2446 2516 2648 2753 2809 2874 2907 2947 3064 3204 3319 3387 3474 3596 3639 3691 3756 3814 3861 3909 3985 4095 4165 4214 4261 4336 4388 4455 4563 4643 4695 4752 4840 
60 76 137 248 384 449 580 669 766 833 892 981 1070 1158 1278 1345 1496 1513 1553 1688 1757 1865 1918 2032 2080 2157 2272 2361 2423 2515 2591 2700 2767 2842 2895 3009 3113 3183 3292 3331 3427 3493 3554 3599 3706 3741 3854 3924 3979 4059 4159 4233 4272 4300 4327 4458 4518 4557 4605 4666 4764 
59 77 111 224 259 346 488 575 661 738 778 860 902 963 1041 1151 1254 1353 1439 1499 1564 1616 1674 1775 1902 1973 2046 2105 2164 2279 2338 2449 2552 2651 2758 2822 2944 3026 3116 3155 3227 3290 3347 3434 3516 3611 3676 3799 3882 3958 4013 4082 4175 4254 4348 4383 4462 4560 4617 4736 
59 78 211 297 355 396 452 546 608 750 829 897 1017 1096 1162 1234 1310 1352 1464 1559 1652 1733 1821 1891 1938 1991 2058 2162 2244 2334 2407 2483 2571 2653 2718 2836 3028 3122 3166 3200 3299 3367 3431 3477 3575 3638 3730 3770 3846 3893 3946 4023 4094 4195 4287 4439 4544 4627 4690 4758 
60 79 139 219 254 334 395 471 587 677 775 855 949 992 1086 1143 1177 1286 1342 1468 1566 1665 1714 1815 1900 1944 2039 2175 2302 2377 2439 2503 2569 2631 2698 2783 2841 2920 2960 3036 3101 3154 3206 3296 3414 3525 3587 3668 3746 3789 3857 3949 4083 4192 4285 4333 4412 4484 4593 4678 4751 
65 80 99 184 202 276 343 402 464 559 615 727 821 925 1007 1056 1093 1179 1275 1330 1407 1465 1524 1602 1689 1780 1876 1950 2034 2143 2218 2259 2328 2394 2519 2595 2669 2731 2819 2899 2950 3013 3056 3123 3157 3219 3279 3327 3376 3425 3444 3478 3542 3578 3683 3765 3926 4009 4075 4249 4308 4351 4488 4580 4646 4740 
