31 0 1218 1405 1806 2314 2861 3408 3964 4760 5188 5338 5500 6027 6316 6458 6631 6782 6965 7273 7456 7788 8060 8431 8493 8648 8921 9211 9324 9495 9666 9861 
18 1 676 751 975 1159 4632 7590 7647 7893 8101 8328 8802 9012 9058 9200 9525 9599 9926 
22 2 673 823 1221 1673 1873 2078 2352 2879 3184 3476 3709 5579 7707 7855 8137 8294 8504 8810 9228 9309 9860 
11 3 533 648 1143 3383 5087 5431 5571 5786 6143 7927 
32 4 748 1052 1355 1964 2374 2696 2769 3022 3203 3371 3701 3774 3953 4050 4135 4481 4732 5126 5409 5680 6128 6548 6979 7380 8034 8416 8475 8836 9284 9558 9805 
22 5 924 1184 1672 2153 2362 2494 2675 2931 2976 3209 3661 4009 4299 4660 4868 6880 8927 9040 9259 9454 9668 
31 6 515 985 1723 2127 2434 2498 2831 3155 3363 3753 3971 4033 4058 4331 4834 5004 5247 5447 5603 5932 6003 6256 6712 6984 7332 8028 8290 9002 9607 9895 
20 7 587 714 931 1392 1882 2067 2438 2752 3042 3390 3570 3806 3966 4263 4633 4985 5485 5968 8512 
28 8 710 1177 1383 1781 1867 2101 2552 2669 3984 5201 5292 5690 6004 6462 6641 6732 6919 7059 7609 7786 8380 8417 8536 8715 9048 9392 9968 
13 9 517 976 1382 1625 1884 2304 2427 2751 4532 6279 6463 8395 
35 10 1011 1467 1676 2301 3018 3163 3429 3908 4245 4430 4909 5033 5189 5470 5877 6213 6482 6592 6749 6987 7089 7351 7569 7706 8002 8277 8517 8700 9028 9098 9292 9421 9681 9932 
21 11 792 1387 1796 2026 2167 2733 3077 3386 3663 3822 3987 4111 4407 4684 4947 5094 5388 5640 5852 5982 
36 12 532 1078 1936 2009 2514 2863 2987 3375 3732 3914 4095 4162 4342 4608 4915 5329 5407 5556 5726 6167 6378 6771 6973 7164 7377 7605 7910 8252 8389 8748 8983 8991 9255 9569 9698 
32 13 1015 2225 3180 3217 3433 3956 4514 4770 5158 5268 5698 5736 5929 6355 6634 6687 7045 7308 7343 7650 7941 8146 8428 8555 8685 8833 9020 9294 9471 9629 9848 
22 14 977 1102 1721 2250 2368 2568 2714 2866 4789 6778 7234 7471 7766 8154 8397 8659 8803 9119 9490 9804 9961 
23 15 892 1450 1724 1799 1870 1995 2298 2462 3011 3344 3521 3526 3933 4329 6329 8392 8619 9068 9435 9531 9669 9990 
26 16 912 1085 1694 2243 2685 2884 3198 3313 3613 3856 4004 4044 4190 4270 4408 4587 4602 4847 5140 5160 5444 7271 9145 9356 9515 
33 17 461 1053 1461 1928 2179 2320 2788 3065 3411 3603 3967 4396 4656 4856 5101 5497 5908 6196 6498 6601 6688 7071 7369 7556 7904 8143 8326 8590 9102 9488 9656 9934 
24 18 703 1027 3229 4768 5233 5528 5775 6008 6109 6285 6412 6765 7046 7205 7429 7614 7823 7932 8311 8508 8755 9123 9548 
30 19 416 424 591 928 1092 1234 1473 1614 1842 2261 2664 2780 3146 3240 3481 3715 4016 4061 4463 4853 4907 5053 5216 5429 5730 5806 6049 6218 6321 
18 20 475 558 1109 1315 1447 1885 2306 2458 2580 3021 3699 3784 4194 4326 4599 5091 8042 
33 21 574 870 1517 2051 2345 2947 3428 3865 4041 4415 5041 5220 5539 5755 5948 6127 6620 6949 7156 7183 7517 7906 8220 8468 8835 9024 9242 9302 9367 9727 9881 9959 
16 22 539 864 1156 1803 3879 5624 6080 6459 6860 7115 7435 7695 7915 8029 8503 
14 23 2712 4623 4895 4924 5056 5133 5344 5880 6382 6630 7138 7506 9107 
33 24 520 728 1003 1269 2266 3149 3185 3432 3867 4191 4585 4851 5044 5232 5529 5835 5943 6071 6456 6681 6999 7477 7725 7976 7997 8307 8626 8759 9025 9162 9452 9877 
20 25 552 785 1202 1857 2112 2579 2871 3039 3239 3491 6073 8624 8752 9014 9180 9281 9431 9528 9884 
21 26 544 1029 1197 1645 2130 2278 2587 2874 3164 3264 3510 4022 4778 5193 5600 6006 6161 6371 6701 7013 
26 27 915 1090 1752 2227 2465 2836 3457 3648 3769 3842 4042 4234 4830 5412 6330 6604 6862 7300 7547 7789 8119 8688 9157 9382 9672 
15 28 796 1327 1629 2075 2691 3266 3454 3638 5477 7550 7781 7822 7939 7972 
24 29 555 1007 1462 1703 1848 2110 2375 2491 2620 4537 6203 6289 6495 6597 6755 6910 7175 7280 7619 7955 7978 8402 9887 
28 30 425 706 1140 3256 5274 5473 5496 5699 5939 6110 6153 6497 6856 7026 7181 7316 7390 7624 7921 8073 8368 8848 9076 9414 9555 9689 9907 
33 31 303 716 962 1219 1780 2452 2846 2935 3222 3557 3773 4066 4500 4586 4919 5086 5346 5765 6217 6380 6411 6785 7100 7199 7278 7531 7874 7908 8241 8345 8599 9445 
23 32 471 686 1263 1623 1770 2081 2520 2820 3032 3377 3733 3948 4385 4743 5075 5243 5466 5694 6001 6208 6744 8733 
24 33 547 861 1172 1668 1994 2137 2297 4698 6796 7134 7314 7501 7764 8105 8296 8640 8797 8919 8999 9411 9738 9801 9967 
12 34 711 1231 1613 2134 2718 5838 8693 8818 9030 9390 9688 
11 35 459 590 795 1019 1546 3673 5623 6075 6424 6527 
29 36 439 767 1528 1818 2443 2673 3063 3427 3665 3809 4068 4193 4662 5023 5104 5250 5468 5723 6055 6320 6547 6872 7016 7214 7423 7652 7839 7948 
23 37 546 794 940 1726 2392 2687 2843 2995 3372 3662 3885 4138 6022 7812 8003 8286 8344 8594 9108 9312 9637 9953 
11 38 812 1378 1690 1817 5222 8068 8544 8706 8841 9135 
35 39 1137 1740 2229 2335 2478 2971 3172 3251 3353 3515 3911 4232 4282 4458 4802 5299 5633 5657 6165 6711 7143 7750 8219 8403 8476 8560 8762 8971 9246 9353 9595 9667 9790 9996 
26 40 698 1230 1805 2169 2490 2913 3206 3438 3496 3688 4259 4709 5252 5645 5789 5949 6308 6609 6930 6976 7290 7492 7646 7899 8339 
21 41 598 640 1050 1248 1430 2196 2651 2772 3006 3178 3696 5696 7837 7994 8336 8444 8883 9343 9711 9995 
24 42 1249 1949 2082 2343 2855 3254 3764 3902 4092 4319 4522 4604 5836 7370 7867 8048 8308 8644 8903 9115 9288 9384 9520 
23 43 414 566 1004 1490 1809 2279 2590 2732 2898 2963 3225 5530 7540 7604 7712 7875 8024 8484 8743 9054 9576 9943 
36 44 521 1138 1628 2213 2253 2347 2641 3085 3258 3576 3719 4072 4637 4945 5066 5282 5461 5746 6100 6131 6244 6646 7070 7266 7414 7518 7759 8235 8367 8615 8939 9101 9306 9413 9940 
14 45 685 1071 1192 4720 7668 8046 8113 8201 8216 8522 8749 8865 8878 
26 46 576 941 1228 1533 1853 2220 2539 2895 3430 3524 3825 4244 4372 4498 4549 4592 4694 4994 5332 7277 9308 9568 9654 9819 9956 
13 47 434 691 933 1294 1887 2126 2270 2523 2758 6146 9374 9951 
19 49 707 1133 1388 1607 2028 2212 4527 6790 6868 7761 8443 8543 8657 8783 9079 9181 9541 9735 
38 50 579 699 1301 1784 1878 2363 2485 2738 2966 3221 3629 3794 3983 4134 4431 4840 4912 5123 5337 5549 5752 6029 6160 6430 6635 6972 7208 7256 7498 7896 8207 8526 8686 9109 9236 9388 9851 
36 51 570 967 1314 1526 1754 1919 2307 2650 2883 3280 3858 4182 4595 5088 5577 5938 6072 6114 6598 6958 7187 7603 7907 7999 8128 8210 8236 8453 8729 8809 8897 9176 9437 9650 9849 
36 52 448 651 1217 1669 1972 2210 2242 2502 2777 3281 3655 3778 4351 4831 4981 5001 5284 5540 6028 6298 6503 6946 7236 7291 7533 7851 8027 8213 8320 8361 8583 8741 8949 9270 9952 
19 53 540 860 1089 1311 1584 1725 1895 2410 2512 2710 3162 3579 3776 4197 4540 5000 5480 8538 
20 54 731 800 949 1196 1464 1598 1898 2080 2245 2288 4826 7354 7571 8057 8156 8661 8947 9676 9997 
33 55 1125 1491 1814 1967 2289 2479 2663 2827 3218 3395 3622 3886 4247 4328 4607 4927 5214 5339 5410 5525 5793 5882 6122 6259 6579 6874 6926 6954 7159 7202 7458 9362 
34 56 486 1047 1544 2031 2180 2601 2860 3037 3511 3895 4086 4207 4348 4523 5161 5863 6149 6284 6348 6507 6647 7124 7659 7879 8098 8240 8562 8853 9004 9282 9677 9798 9984 
29 57 681 886 1012 1425 1679 2007 2677 3373 3582 3864 4227 4548 5032 5353 5647 5859 6012 6204 6671 6855 7330 7628 7895 8281 8757 9290 9470 9713 
13 58 1070 1409 1793 1982 2557 2979 3241 3340 3539 6817 9807 9976 
29 59 527 858 1001 1107 1446 2113 2252 2360 2603 2870 3111 3387 4026 4165 4366 4444 4612 4689 5100 5333 5476 5673 5919 6848 7383 8449 9640 9787 
39 60 783 1030 1237 1556 2100 2376 2658 2899 3125 3211 3385 3507 3658 4055 4224 4427 4693 4923 5209 5355 5522 5675 5846 5966 6085 6194 6327 6650 7112 7331 7525 7844 8251 8681 9158 9516 9704 9813 
22 61 522 732 991 1589 2047 2468 3086 5061 6812 7091 7353 7845 7901 8005 8178 8405 8645 8977 9261 9626 9845 
34 62 437 906 1788 1942 2108 2262 2324 2504 2716 3049 3548 3610 3799 3875 4140 4721 5043 5308 5428 5548 5888 6119 6335 6546 6835 6934 7157 7638 7917 8053 8298 8798 9252 
11 63 571 1112 1771 2281 2674 2887 6376 9559 9825 9971 
20 64 668 909 1262 1482 1653 2098 2562 2917 3394 3845 3957 4120 4636 5489 6126 6605 6758 6912 8585 
24 65 456 896 1195 1366 1476 1550 1633 2015 4424 6158 6510 6845 7010 7281 7398 7637 7709 7940 8291 8492 8549 8952 9619 
31 66 489 644 983 1095 1439 1865 2724 2929 3188 3347 3574 4052 4554 4938 5307 6250 7078 7217 7620 7825 8145 8390 8511 8663 8875 9039 9305 9542 9774 9931 
13 67 770 1267 1386 1845 1990 2429 2951 4958 6913 7203 7611 7909 
30 68 597 1048 1624 1775 1927 2416 3154 3246 3656 3847 4045 4261 4559 5422 5902 6000 6269 6559 6750 7051 7551 7912 8109 8153 8278 8527 8899 9147 9649 
39 69 694 1110 1513 1896 2249 2358 2719 2835 2986 3210 3562 3986 4375 4714 4932 5096 5597 5916 5946 6264 6747 7141 7213 7421 7565 7824 8026 8136 8180 8369 8623 8832 9016 9114 9139 9250 9462 9665 
10 70 516 725 1142 1747 2053 5562 8112 9544 9716 
38 71 433 680 1287 1658 1825 2041 2083 2482 2824 2920 2964 3219 3342 3632 3874 4145 4365 4439 4799 5231 5372 5488 5612 5914 6713 7404 7541 7780 7983 8209 8342 8756 9045 9315 9577 9780 9974 
34 72 700 1065 1420 1666 1820 2145 2628 2849 3082 3497 3958 4176 4400 4564 4787 5151 5225 5516 5658 6036 6334 6416 6595 6873 6905 6937 7069 7305 7419 7891 8561 9660 9707 
9 73 1028 1649 1880 5644 9133 9424 9793 9963 
23 74 789 2024 2828 2990 3073 3245 3770 4276 4536 4750 4817 4918 5024 5077 5211 5351 5607 5782 6107 6514 6834 8343 
14 75 428 677 916 1135 5293 8488 8728 8995 9110 9142 9395 9566 9791 
31 76 593 929 1400 1971 2271 2505 2634 3059 3584 3736 4069 4574 4835 5171 5566 6043 6296 6566 7084 7455 7729 7847 8085 8414 8495 8744 8801 9191 9474 9748 
23 77 481 1059 1714 1854 2654 3346 3740 4202 4724 4889 5068 5124 5569 6034 6304 6369 6557 6649 6882 7223 7441 7632 
14 78 918 1079 1655 2074 2637 3204 3542 3751 4333 5113 5240 5545 5991 
33 79 628 1074 1352 1475 1767 2010 2247 2629 3116 3472 4057 4512 4766 4935 5349 5662 5867 6044 6351 6549 6696 7083 7466 7732 8020 8375 8537 8822 9062 9219 9505 9847 
18 80 412 625 717 1190 3002 4783 4821 4903 5014 5313 5547 5904 6125 6396 6689 7075 9035 
17 81 1051 1505 1777 1889 2131 2585 2832 3324 3804 4213 4411 6722 9328 9545 9730 9916 
27 82 923 3093 4993 5119 5246 5449 5606 5655 5829 5864 5936 6106 6374 6467 6581 6779 6922 7028 7237 7413 7795 7929 8194 8446 8827 9019 
17 83 614 1013 1339 4884 8014 8175 8366 8692 8732 8808 9213 9438 9605 9778 9903 9964 
31 85 605 954 1240 1618 1821 2440 3509 4054 4503 4833 5162 5239 5402 5674 5945 6097 6352 6490 6606 6837 7168 7267 7882 8025 8228 8246 8348 8914 9372 9770 
43 86 649 980 1175 1350 1410 1832 2234 2328 2594 2822 3081 3628 3993 4225 4355 4508 4671 4877 5264 5520 5762 6251 6397 6772 6857 7094 7562 7877 7888 8090 8280 8515 8598 8817 9003 9159 9318 9375 9517 9633 9779 9937 
12 87 661 955 1323 2064 2296 2528 5975 7311 9029 9403 9867 
22 89 1324 3132 3331 3711 4290 4476 4816 4956 5107 5210 5648 5813 6067 6409 6714 6936 7378 7798 8022 8323 8596 
26 90 1236 1691 2068 2272 2550 2984 3089 3370 3527 3649 3737 3826 4167 4519 4670 4865 5039 5280 5438 5499 5773 6151 6343 6591 8724 
24 91 512 749 877 1139 1416 1727 1935 2226 2595 2903 3159 3500 3731 3926 4233 4483 6614 8548 8962 9124 9450 9691 9901 
13 92 840 947 1498 1700 1744 1872 2366 3176 3505 3626 3654 6791 
17 93 417 623 682 1233 1375 1484 1657 1905 2063 2361 2586 2992 3161 3891 4557 7109 
32 94 647 780 1575 2039 2228 2575 2880 3304 3722 4209 4575 4819 5414 5589 5892 6448 6773 7128 7318 7436 7493 7690 7937 8091 8256 8357 8682 9091 9355 9476 9846 
13 95 798 1285 2235 2608 2704 2937 3270 3565 3810 4003 4471 7538 
42 96 423 671 771 852 1171 1534 1917 2186 2389 2619 3212 3841 3940 4112 4250 4303 4879 5450 5584 5992 6257 6474 6638 6760 6953 6989 7233 7360 7428 7615 7848 7920 8222 8655 8873 9096 9243 9333 9386 9492 9720 
29 97 470 944 1152 1474 1593 2014 2163 2207 2786 3094 3486 3620 4246 4683 5045 5263 5304 5420 5538 5802 5999 6265 6501 6704 6911 7381 7613 9679 
26 98 615 1094 2019 2308 3015 3954 4204 4256 4600 4651 5015 5248 5533 6066 6359 6816 7096 7326 7607 7979 8118 8315 8581 9018 9645 
45 99 665 900 1205 1547 1742 2003 2396 2625 2985 3243 3323 3359 3612 3808 3945 4037 4368 4473 4541 4591 4765 4908 5042 5208 5330 5703 5940 6170 6326 6404 6580 6786 7211 7452 7561 8142 8454 8839 9141 9247 9400 9499 9560 9765 
28 100 989 1246 3357 5234 5301 5494 5574 5757 5860 6180 6455 6966 7268 7442 7549 7748 7826 7928 8141 8385 8634 8795 8820 9127 9371 9604 9885 
20 101 664 839 1363 1876 2050 2606 3216 3445 3796 4313 4571 4701 4959 5235 5391 5642 5849 5925 5983 
36 102 988 1251 1312 1431 1993 2267 2351 2411 2812 3802 4456 4544 4707 4929 5009 5118 5417 5682 5893 6394 6508 6707 6943 7121 7576 7810 7959 8309 8457 8796 9083 9193 9428 9732 9761 
11 103 441 978 4468 7411 7679 8218 8864 9262 9487 9842 
32 104 457 730 1432 1684 1843 2055 2162 2799 3257 3615 3812 4047 4113 4300 4367 4442 4558 4665 4899 5005 5266 5507 5626 5668 5921 6096 6379 6777 7034 7200 7678 
36 105 1103 1280 1861 2686 3487 4005 4553 5064 5406 5737 5915 6088 6192 6299 6401 6632 6896 7086 7261 7299 7339 7485 7740 7849 7871 8165 8510 8584 8831 9026 9189 9394 9630 9755 9862 
21 106 584 1223 1521 1555 4511 6866 6890 7068 7367 8121 8519 8541 8738 8979 9095 9174 9339 9615 9642 9853 
25 107 508 1193 1687 2046 2475 2569 2932 3199 3326 3461 3592 3755 3888 4136 4320 4781 5279 5573 7105 8943 8966 9291 9661 9987 
26 108 638 935 1749 2543 3075 3431 3601 3787 4021 4125 4494 4857 5038 5127 5303 5564 5971 6193 6306 6575 6826 7033 7184 7294 7433 
23 109 914 1066 1331 1573 1709 2430 5157 7146 7440 7530 7642 7776 7960 8124 8215 8435 8471 8776 9194 9425 9565 9788 
11 110 990 1543 1849 2398 2705 2858 3259 3560 6895 9950 
17 111 484 772 855 1146 3575 5448 5559 5733 5868 6361 6612 6814 6997 7082 7296 7575 
35 112 809 891 1200 1493 1617 1837 2286 2768 3109 3447 3820 3922 4185 4312 4387 4657 5028 5393 5788 5993 6136 6225 6543 6995 7209 7693 7951 8259 8451 8564 8923 9472 9856 9979 
17 113 634 1340 1930 2284 2739 3114 3695 4030 4195 4680 5191 5371 7539 9481 9614 9873 
30 114 952 1596 1762 2013 2333 2670 3186 3422 3785 4107 4466 4725 4871 5131 5167 5374 5923 6155 6504 6800 7085 7295 7503 7890 8407 8790 9105 9567 9918 
34 115 585 1106 1595 1681 1940 2165 2367 2967 3302 3464 3727 3797 4018 4453 4824 5134 5433 5759 5847 6221 6728 6870 7148 7392 7622 7799 8234 8460 8713 8742 8754 9055 9731 
20 116 1161 1499 1852 2264 2541 4363 5974 6037 6273 6545 6811 6883 7030 7258 7443 7560 7802 8110 8408 
21 117 868 1206 2924 4436 4780 5153 5186 5439 5766 6019 6317 6602 6836 7097 7578 7911 8173 8880 9150 9359 
25 118 469 657 1122 1291 1437 1630 1783 1978 2463 2775 3365 3667 4031 4184 4298 4382 4486 4630 4837 4898 5137 7310 9557 9841 
19 119 791 957 1406 1660 1916 1984 2044 2346 4639 6839 7062 7231 7426 7600 8609 9591 9786 9958 
21 120 502 999 1413 2020 2206 2323 2785 3133 3366 3729 5884 7658 7883 7998 8378 8642 8911 9396 9832 9982 
35 121 788 981 1370 1520 1816 2128 2256 2439 2679 2872 3107 3555 3937 4248 4510 4823 5010 5390 5754 6353 7099 7422 7801 8001 8171 8365 8620 8889 9132 9263 9468 9587 9736 9882 
20 122 894 1675 2404 2444 2818 2949 3348 3713 3887 4131 4301 6253 8075 8199 8411 8654 8867 9277 9571 
20 123 478 519 821 1204 1670 2035 2071 2299 2611 3261 3519 3929 4231 4479 4645 5067 6944 8679 9554 
7 124 1061 2965 4618 4782 4941 8132 
35 125 722 1088 1307 1588 1748 1903 2159 2503 2791 2991 3108 3556 3878 4141 4432 4678 4843 4943 5224 5591 5874 6089 6439 6675 6794 7008 7329 7543 7800 8030 8224 8452 8572 8727 
31 126 925 1454 1757 2147 2460 2680 2954 3449 3694 4369 4774 5072 5493 5800 6246 6529 6623 6821 7210 7687 7975 8187 8480 8714 8771 8989 9198 9398 9754 9891 
25 127 690 790 1022 3450 5341 5543 5803 5873 6147 6357 6698 7017 7307 7592 7601 7817 8072 8204 8398 8652 8789 9038 9177 9346 
30 128 660 832 1369 1779 1901 2263 2755 3092 3226 3508 3913 4177 4507 5213 5710 5953 6101 6206 6386 6699 7027 7253 7484 7830 8162 8470 8632 9301 9722 
40 129 888 1128 1397 1914 2042 2484 2667 2974 3129 3499 3571 3627 3803 3943 4360 4538 4738 5348 5656 5708 5837 5922 6103 6418 6481 6809 7131 7374 7542 7666 7735 7897 8332 8664 8860 9063 9330 9601 9919 
34 130 663 1076 1580 1718 1746 1955 2214 2511 2720 2829 2957 3029 3399 3758 4160 4614 4982 5257 5590 5677 5758 5830 6156 6370 6708 7065 7496 8066 8276 8830 9237 9641 9878 
32 131 862 1213 1452 1797 1891 2193 3067 3453 3714 4123 4624 4755 5170 5532 5767 5980 6390 6633 6907 7035 7173 7457 7629 7713 7971 8331 8863 9286 9536 9743 9883 
27 132 754 934 1077 1902 2124 2624 2838 3121 3441 3668 3680 4114 4384 4462 4628 4702 4936 5296 6275 6924 7139 7251 7473 7644 7769 8071 
40 133 413 675 982 1098 1719 1934 2025 2282 2529 2688 2847 3101 3337 3495 3739 4454 5163 5378 5475 5685 5920 6496 6861 7012 7116 7417 7649 7770 7838 7859 8035 8533 8825 9007 9220 9434 9657 9725 9855 
25 134 609 1037 2383 3567 3704 4094 4318 4620 4844 5218 5471 5621 5653 5840 6297 6914 7024 7521 7835 8103 8388 8638 8982 9602 
19 135 878 1187 1611 1866 2342 2604 3130 3354 3728 4118 4352 6115 7416 7519 7746 7900 8149 8330 
34 136 491 643 810 1293 1686 1938 2431 2510 3026 3440 3766 4081 4501 4535 4726 4869 5205 5335 5484 5707 5951 6216 6364 6663 6737 6971 7454 8067 8637 8917 9205 9415 9827 
36 137 415 1035 1535 1699 2017 2571 2694 3066 3228 3463 3698 3918 4126 4324 4583 4883 5278 5572 5866 5927 6069 6228 6417 6844 7050 7150 7714 8055 8157 8384 8531 8653 8951 9410 9818 
17 138 727 1116 1522 1591 2268 2857 3153 3338 3525 3811 4106 4242 4425 4588 6377 7602 
17 139 653 961 1064 1254 1506 1765 2018 2488 2630 3269 4093 4422 4593 4740 4916 5071 
35 140 462 723 1524 1663 1931 2187 2348 2508 2672 2793 3110 3336 3684 3927 4381 5047 5618 5777 6058 6138 6294 6485 6679 6854 6969 7400 7545 7757 8176 8597 8708 8912 9304 9745 
22 141 645 1442 2197 2445 4568 6727 7053 7151 7427 7595 7645 7727 7931 8127 8205 8364 8440 8462 8886 9448 9890 
25 142 782 948 1641 2421 2740 2756 2912 3187 3692 4283 4356 4621 4839 4953 5018 5230 5514 5686 5780 7536 9316 9389 9600 9939 
37 143 942 1042 1404 1530 1847 1890 2016 2415 2744 3213 3549 3640 4043 4267 4625 4885 5115 5169 5413 5872 5962 6280 6536 6846 6980 7302 7508 7771 8126 8299 8559 8805 9153 9627 9814 9935 
24 144 816 1087 1337 1722 1991 2232 2461 2566 2803 2940 2968 3341 5688 8167 8317 8658 8772 8850 9032 9217 9461 9570 9812 
27 145 559 950 1635 2149 2455 2572 2891 3078 3327 3685 3761 4012 4252 4543 4686 5138 5524 5570 5934 6441 6584 6951 7132 7169 7284 8981 
14 146 1000 4327 7448 7626 7753 8183 8678 8811 9122 9433 9521 9622 9981 
11 147 476 4502 7806 8015 8208 8349 8662 8792 9426 9746 
18 148 1208 3551 5554 5750 5876 6064 6145 6293 6942 7487 7793 8122 8464 8900 9088 9209 9760 
12 149 793 1276 1531 1785 3979 5718 5748 6090 8016 9533 9594 
29 150 844 1458 2060 2525 2997 3361 3573 3650 4236 4703 4925 5369 5906 6015 6154 6318 6596 7057 7117 7480 7718 7946 8045 8182 8438 8703 8901 8994 
13 151 666 2950 4756 4866 4960 5164 5595 5792 5897 6243 6583 8181 
18 152 842 1111 1395 1488 1643 2052 2442 2809 3012 3168 3475 3708 6290 8660 8942 9240 9579 
26 153 449 627 851 937 1129 1393 1532 1711 2029 2337 2766 3095 3305 3569 3669 4090 4392 4528 6443 8064 8386 8844 9010 9345 9741 
25 154 506 756 890 959 1261 1639 1753 1790 2094 2726 2977 3284 3501 3646 3899 4395 4867 5117 5639 6031 7754 9399 9673 9941 
17 155 996 1501 2065 2283 2589 2709 4652 6587 6916 7022 7272 7449 7520 7765 7902 8192 
20 156 719 3944 6231 6309 6564 7007 7140 7275 7660 7957 8242 8521 8722 8953 9203 9331 9611 9769 9986 
25 157 535 746 1018 3181 5109 5196 5370 5457 5809 6219 6506 6804 6899 7226 7513 7670 7964 8272 8569 8799 9057 9206 9397 9712 
37 158 829 1148 1661 2005 2085 2380 2713 2955 3227 3691 4019 4137 4546 4814 4966 5020 5110 5168 5481 5878 6177 6509 6871 7221 7461 7736 7797 8021 8302 8524 8852 9197 9432 9477 9643 9917 
25 159 611 646 762 1372 1564 2170 2668 2878 3467 3721 3939 4060 4420 6041 7967 8050 8166 8195 8391 8595 8791 8964 9473 9737 
32 160 496 630 1075 1380 1460 1911 2118 2309 2446 2549 2761 3235 3402 3485 3734 4067 4115 4349 4668 5029 5183 5404 5801 6095 6261 6432 6948 7357 7704 7862 9370 
21 161 951 1096 1440 1983 2161 2191 3005 4051 4334 4751 5079 5405 5602 6054 6302 6637 6745 8158 9581 9857 
19 162 724 994 1082 1198 1281 1605 2151 2652 2969 3137 3231 3393 3623 4039 4417 6205 7873 8306 
34 163 524 1273 1518 2090 2451 2699 2865 3297 3368 4028 4199 4264 4379 4673 4946 5177 5368 5684 6188 6384 6454 6754 7127 7297 7681 7880 8265 8550 8775 9097 9274 9484 9928 
26 164 652 736 1345 1835 2290 2918 3233 3434 3772 4032 4347 4584 5187 5636 5768 5909 6480 7120 7405 7682 8037 8258 8612 8793 9684 
26 165 514 674 1063 1346 1566 2045 2428 2754 3479 3877 4100 4405 4822 4913 5306 6017 6383 6664 6933 6998 7113 7401 7698 7779 9572 
10 166 624 1113 1697 2425 3115 3641 3894 4027 7379 
32 167 709 854 1308 1349 1702 1999 2116 2437 2612 2830 3096 3208 3312 3792 4129 4345 4674 5081 5359 5384 5615 5776 6132 6245 6493 6833 6941 7063 7242 7683 8047 
22 168 509 836 1497 1827 2338 2753 3051 3448 3635 3800 4158 4472 4664 4754 4998 5254 6881 8520 8858 9231 9729 
32 169 474 807 1807 2570 2804 2946 3156 3214 3388 3919 4307 4570 4634 4767 5093 5382 5523 5900 5981 6248 6426 6616 7005 7558 8134 8371 8513 8734 9041 9561 9955 
28 170 650 898 1123 1651 2406 2821 3040 3262 3625 4036 4228 4489 5031 5199 5505 5811 6315 6909 7262 7544 7884 8373 8506 9184 9507 9663 9831 
19 171 442 1023 3215 5159 5258 5502 5544 5998 6354 6748 6894 7196 7878 8905 9257 9412 9781 9983 
15 172 565 857 1168 1736 2241 2781 3028 3516 3741 4239 4495 4818 7092 9046 
27 173 464 932 1583 2106 2638 3098 3384 3674 3988 4133 4493 4676 4988 5150 5415 5761 6002 6187 6512 6867 7123 7189 7559 8010 8387 8773 
4 174 2848 4753 4887 
26 175 586 1033 1472 1859 2330 2609 2813 2941 3019 3140 3282 3537 3981 4364 4786 4931 5155 5451 5964 6108 6344 6594 6715 6960 8768 
27 176 432 633 1242 1444 1572 1755 2204 2856 3027 3105 3379 3498 3559 3718 3866 4297 4490 4699 4957 5049 5408 5553 7215 9087 9178 9230 
20 177 528 753 885 1288 1379 1570 1706 2049 2454 2868 3136 3358 6242 9084 9323 9361 9678 9930 9991 
27 178 562 828 1561 1616 2030 2182 2536 2844 3034 3056 3260 3682 3757 3997 4181 4542 4948 5627 6227 6277 6582 6692 6802 6945 7161 7716 
6 179 492 4173 7225 7346 9440 
21 180 2506 5048 5271 5324 5552 5734 6057 6323 6445 6719 6822 6963 7104 7254 7365 7546 7866 7962 8019 8184 
37 181 500 874 1131 1864 2111 2735 3090 3492 3634 3932 4220 4410 4525 4619 4791 4974 5085 5136 5310 5464 5593 6433 7348 7499 7792 7842 8017 8318 8381 8627 8969 9112 9322 9580 9799 9944 
23 182 445 1025 1647 1860 2054 2257 2474 2816 3444 3992 4414 4520 6305 8054 8383 8516 8656 9008 9208 9503 9865 9998 
31 183 488 938 1438 1553 1963 2132 2577 2882 3316 3702 4251 4438 4605 5069 5202 5426 5725 5907 6098 6222 6787 7239 7597 8081 8424 8696 8909 9218 9766 9975 
11 184 777 1174 1529 3630 5326 5691 5969 7643 9458 9742 
21 185 518 720 1021 1344 4074 6484 6828 7306 7430 7523 7715 7787 7993 8279 8545 8869 8988 9125 9463 9726 
39 186 557 889 1443 1601 2066 2388 2800 2996 3166 3413 3819 4255 4648 4734 5286 5436 5609 5810 6255 6395 6644 6775 6991 7166 7697 7723 7868 7988 8248 8677 8739 8876 8973 9260 9609 9728 9946 9994 
19 188 866 1433 2073 2532 2639 2892 2988 3200 3401 3554 3760 6166 8340 8915 9276 9502 9758 9898 
17 189 409 602 970 1343 1642 1966 2412 4487 6338 6563 6889 7445 8012 8117 8221 8430 
37 190 715 1084 1277 1385 1683 2001 2061 2626 2851 3493 4210 4404 4530 4926 5323 5565 5839 6030 6169 6399 6847 7252 7363 7831 7923 8074 8093 8319 8442 8576 8938 9143 9369 9590 9717 9933 
21 191 473 655 1038 1579 1828 2146 2319 2783 3064 3631 3846 4174 4380 4704 4827 4829 6940 9285 9402 9899 
37 192 683 960 1495 2156 2616 2698 3104 3436 3639 3782 3990 4274 4330 4626 4900 5025 5581 5879 6087 6104 6347 6640 6875 7042 7232 7282 7431 7745 8040 8275 8448 8816 9155 9647 9876 9938 
20 193 679 1014 1183 1523 1844 4441 6752 7185 7568 7860 7956 8116 8370 8838 9078 9311 9478 9597 9733 
30 194 483 920 1069 1408 1879 2205 2260 2476 2717 4157 5251 5312 5483 5651 5702 5790 6005 6683 6920 7372 7586 7719 7872 8082 8498 8978 9085 9338 9715 
13 195 530 659 1257 1627 2400 2581 6082 9235 9379 9573 9687 9859 
32 196 510 871 953 1411 1715 1862 1979 2076 2273 2433 2728 2943 3023 3076 3298 3976 4323 4359 4893 5149 5178 5613 6258 6530 6600 7292 8129 8293 8530 8709 8824 
33 197 734 1373 2038 2495 2729 3124 3459 3690 3920 4200 4279 4475 4820 5105 5237 5701 5815 6174 6324 6405 6768 7145 7472 7654 8062 8168 8415 8785 9090 9319 9664 9988 
27 198 453 712 1039 1435 1552 1604 1823 1988 2285 2665 2862 3113 3523 3580 4206 4603 4731 4792 5008 5366 5661 6105 6171 6466 6864 7270 
23 199 553 946 1306 1565 1874 4152 6121 6398 6625 6962 7424 7808 8257 8535 8750 8887 9100 9348 9366 9510 9632 9915 
26 200 662 739 1056 1434 1961 2305 2499 2748 3074 3252 3978 4485 4661 4696 4874 4980 5267 5622 6045 6202 6540 7081 7394 7522 9196 
14 201 743 1180 1238 1600 1973 3996 5797 6084 6198 6552 6636 7079 7325 
36 202 581 883 1692 2195 2373 2807 3290 3465 3752 4146 4311 4642 5063 5486 5654 5787 5817 6048 6283 6427 6928 7176 7664 7818 7992 8100 8288 8377 8691 8993 9093 9168 9485 9683 9740 
21 204 523 595 1162 1704 1960 2294 2533 3003 3265 3660 3861 5772 7524 7864 8266 8406 8629 8740 8862 9186 
40 205 632 1083 1279 1470 1608 1713 2369 3057 3201 3311 3697 3893 4132 4139 4241 4470 4939 5057 5207 5506 5794 6053 6249 6350 6532 6852 7000 7279 7395 7739 7918 8095 8358 8592 8717 9065 9253 9603 9894 
22 206 884 1209 1357 1606 1933 2275 2648 3013 3205 3544 3989 4287 4452 4730 4963 5192 5458 5629 5886 8253 8324 
24 207 635 740 1126 1626 3930 6385 6537 6853 7032 7106 7389 7554 7829 8049 8268 8491 8745 8826 9015 9216 9352 9509 9764 
36 208 529 1141 1422 1737 2135 2316 2564 2792 3141 3619 4015 4273 4397 4681 4967 5083 5261 5347 5567 5910 6295 6446 6643 6888 7040 7201 7580 7933 8229 8461 8628 8877 8892 9314 9652 
24 209 1136 1365 1594 1733 1997 2371 2952 3091 3389 3789 4085 4211 4539 4685 4979 5166 5469 5669 5795 6076 6690 7384 7581 
29 210 974 1232 1486 1567 1705 2012 2093 2321 2636 2773 2960 3400 3439 3528 3666 3849 3965 4187 4577 4631 4873 5059 7222 9234 9511 9596 9697 9852 
17 211 88 564 833 1185 1412 1481 1815 2104 2359 3409 3962 4011 6803 9518 9752 9858 
23 212 431 477 759 1049 1268 1514 1909 2217 2631 3001 3376 3563 3726 3850 4317 5816 7527 7816 8094 8477 8761 9049 
35 213 733 1117 1418 1577 1836 2102 2381 2558 2742 3244 3675 3923 4284 4388 4581 4715 4991 5400 5861 6063 6215 6419 6550 6950 7248 7313 7396 7665 8155 8695 8870 9080 9229 9547 
26 214 927 1157 1441 1619 1763 1958 2246 2727 3343 3644 3910 3969 4008 4179 4288 4350 4488 4739 5030 5363 6010 6568 6805 7025 9117 
26 215 536 881 1241 1602 2027 2583 2841 2944 3928 4617 4788 5227 5360 5487 5561 5891 6312 6659 6952 7241 7566 7640 7667 7968 8088 
24 216 487 669 1016 1822 2567 2869 3030 3364 3550 3768 3947 4266 4545 4855 4906 5255 5340 5537 5713 5784 6009 6515 8725 
42 217 589 781 1167 1492 1615 1774 2084 2133 2255 2556 2771 2927 3041 3234 3568 3921 4217 4310 4517 4729 4785 4882 5052 5139 5185 5389 5683 5937 6060 6518 7244 7489 7623 8076 8164 8312 8404 8635 9128 9303 9530 
9 218 2689 5037 5418 5578 7535 9551 9702 9992 
19 219 507 1170 1459 1798 2397 2441 2551 2731 2948 3263 3534 3749 4110 4443 4609 4793 7447 9929 
36 220 1121 1316 1981 2295 2692 2854 2989 3069 3191 3489 3502 3645 3765 4230 4515 4708 4896 4972 5314 5717 6042 6470 6797 7001 7060 7101 7286 7641 8160 8505 8747 9011 9227 9613 9701 
32 221 922 1299 1712 1795 2021 2168 2655 3135 3618 3960 4079 4569 4692 4897 4910 5223 5575 5778 6050 6267 6471 6666 7004 7515 7807 8041 8247 8570 8984 9469 9906 
32 222 556 867 1351 1800 2332 2746 3035 3255 3594 4218 5011 5238 5515 5894 5995 6229 6428 6665 7119 7328 7758 7903 8087 8189 8481 8712 9001 9224 9419 9757 9869 
28 223 601 1292 1325 1789 3173 4148 4848 5148 5419 5818 5986 6150 6680 7327 7491 7570 7752 7858 7984 8233 8577 8954 9005 9278 9680 9828 9972 
32 224 622 1494 2274 2372 2576 2906 3045 3296 3777 4428 4566 4622 4876 4892 4984 5147 5855 6628 6721 7020 7526 7726 8147 8509 8859 8920 9047 9405 9739 9823 9923 
14 225 713 820 4295 6929 7263 7437 7662 8270 8780 9059 9385 9616 9886 
9 226 995 1401 1968 2384 6339 9700 9806 9973 
28 227 726 1244 1597 1734 1834 2177 4482 6059 6611 6733 7207 7364 7653 7926 8225 8523 8690 8828 8907 8997 9106 9241 9337 9420 9444 9523 9777 
22 228 607 1108 2086 2622 2993 3189 3466 3925 4445 4711 4921 5120 5276 5356 5576 5741 6023 6489 7142 7347 9494 
18 229 560 835 3415 5249 5317 5676 5926 6013 6451 6672 6931 7315 7511 8007 8329 8684 8788 
36 230 801 1245 1502 1773 2117 2524 2530 2707 3010 3238 3406 3743 4020 4291 4616 4758 4975 5125 5289 5474 5705 6086 6783 6921 6981 7174 7359 7741 8159 8534 8980 9199 9351 9589 9872 
21 231 845 1166 1656 2311 2339 2610 2859 3308 3747 3970 4215 4292 4644 6524 8190 8625 9067 9354 9564 9893 
34 232 693 1160 1764 1883 2181 2471 2889 3100 3468 3609 3935 4122 4426 5051 5242 5320 5462 5823 5950 6447 6477 6757 6961 7218 7814 8086 8260 8399 8580 8674 8843 8929 9464 
19 233 1153 3031 3333 3771 4071 4161 4280 4572 4825 4949 6832 8497 8763 9027 9171 9423 9624 9815 
16 234 604 687 1119 1802 2142 2370 2544 2708 2808 3072 3143 3321 6751 9749 9880 
36 235 495 908 1390 2522 2902 3443 3587 3863 3916 4056 4221 4391 4521 4710 4990 5174 5283 5460 5632 5749 5805 6183 6586 6841 6996 7352 7512 7702 7952 8539 8721 8940 9232 9659 9800 
30 236 458 599 1271 1710 1839 2189 2697 3017 3405 3950 3985 4168 4260 4446 4752 4983 5664 5931 6157 6626 6764 7180 7467 7774 8423 8616 8630 8976 9073 
28 237 578 766 3177 4978 5073 5327 5430 5608 6038 6274 6340 6780 7067 7155 7393 7689 7930 8310 8507 8891 9172 9320 9365 9496 9588 9682 9900 
16 238 435 541 1429 1787 1956 3974 5631 5740 6079 6262 6558 6736 6813 7108 9000 
43 239 621 875 1210 1304 1585 1941 2034 2155 2623 2853 3134 3455 3706 3853 3892 4049 4108 4492 4864 5108 5375 5687 5973 6319 6593 6859 7037 7193 7333 7514 7730 7982 8058 8200 8588 8770 9006 9151 9441 9562 9797 9960 
25 240 2617 4582 4747 4795 5070 5427 5826 6020 6356 6567 7023 7366 7415 7567 7738 7840 7996 8239 8720 9160 9393 9500 9578 9908 
25 241 863 1255 1717 2202 2593 3009 3642 3703 3805 4243 4672 4813 5060 5236 5610 6332 6642 6990 7160 7319 7510 7803 8111 9756 
22 242 930 1296 1654 2072 2385 2747 3278 3437 3827 5825 7783 7850 8043 8104 8400 8649 8764 8882 9190 9608 9875 
30 243 1229 1932 2259 2545 2819 2896 3020 3621 4083 4257 4386 4615 4723 4860 5017 5491 5844 6247 6703 7029 7195 7631 8013 8065 8237 8379 8558 8894 9037 
37 244 907 1173 1359 1560 2531 3451 3748 3815 3961 3991 4119 4346 4635 4952 5099 5215 5424 5858 6033 6139 6341 6533 6674 6798 7087 7192 7516 7865 8125 8273 8618 8819 8922 9183 9638 9945 
19 245 420 872 2919 4950 5173 5421 5660 5760 5947 6118 6235 6337 6511 7182 7813 8211 8617 8711 
26 246 447 575 775 895 1188 1468 1989 2300 2840 3345 3672 3828 3868 4529 5401 5728 6141 6410 6652 6915 6975 7002 7177 7444 9340 
6 247 1224 1772 2326 2736 6576 
33 248 799 1305 1801 2056 2317 2500 2763 3025 3588 3791 4163 4316 4506 4986 5176 5442 5714 6046 6461 6815 7041 7320 7386 7606 7796 7981 8092 8289 8602 8666 8857 8968 
19 249 917 1489 1907 2002 2200 2291 2501 2888 3339 3566 4070 6014 7986 8186 8447 8855 9506 9808 
45 250 455 778 1525 1813 2318 2659 2893 3274 3602 3754 3951 4053 4314 4638 4784 4922 5006 5128 5399 5659 5807 6111 6421 6599 6658 6738 6795 7043 7257 7573 7892 7949 8023 8243 8432 8582 8707 9034 9134 9221 9239 9358 9598 9866 
16 251 656 1348 1539 1751 2507 3419 3607 3839 4344 4679 6770 8902 9149 9391 9563 
25 252 735 1058 1216 2215 2890 3061 3604 3742 3931 4084 4888 5527 5845 6181 6743 6967 7406 7439 7942 8316 8613 8906 9467 9913 
30 253 1008 1181 1741 1943 2277 2561 3055 3657 3995 4186 4370 4478 4613 4863 5300 5550 6068 6363 6573 6746 6978 7077 7324 7495 7751 7832 8008 8425 8571 
14 254 964 1415 1419 1563 3717 5601 5796 5933 6239 6654 7090 7453 9212 
19 255 903 1389 1637 1743 2033 2292 2542 2795 3167 3288 4596 6226 6502 6824 7137 7361 7655 9363 
29 256 537 966 1266 1708 1912 2517 3007 3174 3530 3890 5256 5978 6272 6422 6560 6762 6957 7198 7529 7935 8120 8350 8362 8401 8610 8985 9427 9550 
24 257 84 692 752 1104 1634 2069 2105 2237 2464 3118 3426 3834 4078 4659 5054 5112 5350 5373 5729 5979 7861 9782 9844 
38 258 583 1046 1222 1756 2114 2144 2426 2666 2834 3152 3332 3520 3844 4017 4281 4654 5036 5156 5175 5465 5819 5977 6292 6519 6792 6927 6983 7334 7676 8198 8420 8499 8672 8928 9042 9202 9451 
13 259 466 554 695 1024 1178 3835 6129 6740 7021 7409 7684 9380 
35 260 594 1086 1603 1830 2107 2592 2749 3046 3319 3407 3818 4271 4597 4805 5090 5315 5605 5901 6440 6516 6653 6784 7102 7494 7924 8297 8455 8554 8731 8950 9169 9378 9497 9850 
43 261 504 774 1211 1368 1455 1840 1906 2336 2515 2826 3071 3470 3896 4147 4416 4763 5511 5930 6052 6140 6358 6423 6492 6648 6717 6807 6869 7230 7548 7755 7790 8078 8500 8898 8956 9077 9175 9446 9694 9839 9922 9965 
19 262 827 1072 1286 1659 2087 2322 2403 2644 2922 3054 3381 5503 7747 8139 8651 9182 9635 9685 
24 263 480 525 542 826 1214 1786 2164 2486 3905 5089 5180 5212 5396 5599 6035 6494 6902 6923 6955 6959 7172 7362 9341 
32 264 1040 1768 2472 2837 2978 3314 3552 3689 4451 5302 5482 5697 5808 5989 6224 6723 6891 7047 7391 7733 8212 8232 8463 8643 8726 8854 8972 9226 9447 9719 9985 
32 265 904 1394 1693 2023 2190 2405 2765 2845 2886 3145 3599 4038 4237 4601 4811 5007 5074 5245 5954 6656 6709 7073 7507 7944 8238 8413 8650 9094 9401 9612 9811 
41 266 418 444 910 1182 1417 1720 2148 2584 2817 2936 2973 3144 3250 3512 3814 4272 4484 4504 4759 5013 5172 5425 5738 6168 6420 6682 6939 7402 7610 7853 7989 8163 8479 8528 8611 8895 9043 9332 9527 9621 
20 267 460 882 1225 1320 1500 2089 2399 2757 3175 3616 3870 5712 7672 8325 8525 8746 8937 9222 9456 
17 268 1151 1574 1868 2466 2671 2875 3024 3193 5012 6793 7125 7274 7486 7749 7913 9670 
34 269 718 1338 1698 1888 2150 2419 2493 2642 2721 2909 3330 3593 3830 4169 4399 4547 4872 5309 5517 5751 6189 6479 6608 7006 7136 7469 7639 7841 7987 8144 8445 8546 9313 
15 270 499 2908 4968 5262 5281 6619 7694 8031 8244 8671 8924 9146 9195 9489 
35 271 697 1100 1347 1970 2700 3139 3295 3503 3590 3679 3915 4306 4531 4804 4828 4881 5319 5635 5956 6392 6589 6892 7224 7594 7945 8271 8351 8607 8702 9017 9210 9404 9653 9789 
28 272 819 1333 1858 2239 2546 2779 2833 2982 3062 3561 3676 4025 4565 4875 5345 5670 6047 6314 6437 6607 7011 7407 7587 7728 7938 8151 8422 
24 273 760 972 1354 1609 2265 4308 6373 6542 6684 6886 6985 7014 7287 7577 7834 8080 8376 8586 8837 9188 9408 9675 9957 
37 274 468 1124 1644 2036 2223 2449 2682 2789 2904 3127 3307 3518 3686 4073 4189 4337 4550 4733 4914 5080 5521 5959 6159 6365 6801 7056 7229 7634 7963 8264 8542 9074 9307 9539 9648 9949 
37 275 984 1235 1515 2158 2413 2910 3369 3598 3681 3788 3871 4087 4289 4322 4524 4773 4846 5046 5367 5614 5821 6263 6661 6877 7080 7152 7321 7618 7836 8305 8608 8782 8948 9056 9381 9820 
15 276 443 672 1097 1295 1519 1680 1886 2199 2236 2537 2926 3079 3202 7058 
24 277 467 568 678 803 1101 1212 1662 1975 2192 2364 2730 2938 3147 5097 7162 7599 8032 8473 8932 9267 9442 9513 9837 
34 278 850 1034 1503 1953 2166 2349 2492 2972 3268 3414 3480 3763 3904 4029 4144 4332 4551 4880 5106 5526 5588 5596 5724 5828 6199 6520 6685 6893 7103 7373 7656 7936 9540 
30 279 619 987 1569 2032 2395 2565 2806 3122 3744 4109 4275 4450 4940 5336 5445 5739 6092 6270 6505 6622 6947 7408 8097 8322 8936 9364 9574 9773 9892 
30 280 786 968 1445 1856 2154 2613 2961 3329 3577 3767 4159 4579 4772 5116 5853 6078 6276 6476 6513 6726 7031 7304 7591 7700 8254 8439 8669 8896 9154 
21 281 1009 1728 2423 2578 2850 3112 3351 3801 4383 5019 5141 5290 5411 5587 5709 5791 6024 6639 7061 9406 
24 282 696 973 1114 3538 5386 5678 5814 5967 6200 6434 6831 7019 7240 7438 7705 7954 8354 8667 8800 8958 9233 9625 9854 
32 283 893 1250 1321 1945 2815 3248 3637 3762 4116 4265 4358 4533 4832 5270 5646 6051 6313 6539 6849 7076 7397 7768 8083 8396 8436 8579 8676 8974 9170 9266 9671 
22 284 410 550 658 1284 3374 5604 5988 6123 6237 6465 6843 7126 7246 7349 7724 7934 8152 8393 8680 9130 9636 
27 285 729 1396 1456 1877 2450 2784 3099 3150 3532 3872 4091 4223 4629 5253 5785 5976 6271 6381 6694 6820 6968 7340 7483 7635 8000 9606 
23 286 626 853 1002 2873 4373 4745 5269 5652 6162 6406 6662 6735 7478 7710 7973 8197 8465 8777 9264 9538 9706 9794 
25 287 617 757 1026 1371 1551 1664 1791 2209 2640 2900 2958 3170 3303 3403 3585 3829 4048 5637 7537 7905 8011 8304 8779 8965 
29 288 747 1226 1398 1730 2059 2293 2420 2457 2540 2767 2953 3362 5102 6964 7344 7734 7970 8250 8359 8683 8807 8884 9165 9293 9373 9387 9658 9874 
16 289 187 902 1149 1731 1980 2136 2313 2656 2881 3048 3291 5288 7038 7122 8931 
33 290 779 1093 1297 1646 2043 2489 2690 3194 3832 4294 4746 4810 5121 5443 5745 5890 5913 6241 6565 6808 7420 7703 7785 8107 8466 8639 8823 8925 9092 9317 9556 9696 
21 291 561 1186 1794 1952 2037 2378 2481 3299 3975 4235 4496 4989 5377 5440 5854 6184 6452 6610 8419 9989 
11 292 737 919 1403 1665 1871 2183 2418 6164 9703 9822 
12 293 641 2911 5035 5397 5518 5711 6526 6825 7186 7782 7990 
18 294 311 2798 4647 4777 5154 5228 5568 5619 5721 6286 6724 6865 7190 7488 7625 7760 9631 
33 295 802 998 1289 1329 1578 1707 2129 2782 2933 3392 3786 4064 4156 4413 4682 4937 5479 5944 6336 6668 6702 7074 7260 7368 7598 7763 8174 8409 8760 9061 9223 9835 
29 296 479 797 901 963 1105 3310 5092 5387 5912 6186 6472 6705 6769 7107 7475 7612 7708 7953 8161 8641 8885 8963 9126 9327 9407 9646 9767 9936 
33 297 450 741 945 1163 1582 1869 2022 2379 2745 3058 3328 3643 4034 4171 4304 4435 4775 5272 5456 5534 5650 5911 6016 6281 6469 6645 7098 7731 8114 8699 9248 9349 
21 298 629 1253 1674 2258 2469 3044 3482 3543 3738 4080 4302 4448 4663 4808 5050 5395 5551 5831 6252 8285 
30 299 804 1144 1729 2233 2614 2962 3224 3687 4062 4398 4518 4700 4748 5022 5182 5376 5990 6531 7044 7505 7777 7885 8185 8589 8815 8866 9023 9584 9763 
40 300 526 997 1203 1402 1652 2121 2521 2994 3275 3572 3723 3952 4166 4238 4534 4667 4934 5143 5285 5321 5804 5994 6210 6288 6367 6651 6730 6830 7049 7450 7617 8099 8382 8601 8813 9215 9460 9718 9888 
29 301 577 879 1451 2280 2414 2582 3232 4024 4269 4390 4973 5704 5955 6322 6818 7158 7375 7711 8069 8191 8483 8631 8804 9072 9089 9238 9429 9519 
31 302 438 1227 1487 2092 2574 2916 3325 3636 3901 4082 4812 5197 5453 5774 6007 6311 6759 7385 7688 8123 8337 8456 8557 8665 8806 8916 9050 9265 9553 9966 
13 304 620 847 1427 2787 3424 3705 4718 6065 6450 6569 6879 8944 
24 305 837 1364 1881 2173 2391 2563 2681 2711 2907 3196 3352 3421 3614 5557 7721 7969 8269 8574 8603 9033 9201 9457 9775 
4 306 4555 7574 7773 
25 307 463 689 979 1199 1457 1761 2119 2353 2602 3158 3417 3959 4254 4440 4561 4794 4955 5184 5380 5620 6056 6362 6799 7110 
32 308 834 1275 1766 1939 2276 2477 3138 3671 4002 4285 4594 4961 5078 5316 5841 6442 6776 6876 7018 7265 7490 7696 7876 8255 8486 8735 9013 9129 9532 9686 9921 
22 309 494 865 1541 2091 2600 3151 3416 3506 3712 3917 4105 4505 4576 4859 5062 5297 5617 6018 7588 9486 9821 
19 310 2706 4464 4757 4969 5111 5379 5716 6074 6488 6525 6897 7154 7276 7572 7742 7863 8039 8227 
27 312 600 1239 1893 2393 3043 3273 3533 3934 4170 4562 4801 4862 4942 4999 5305 5512 5899 5996 6197 6491 6673 6851 7129 7432 8893 9924 
32 313 750 1164 1247 1471 1621 1782 2048 2120 2657 3060 3293 3617 3903 4178 4409 4606 5040 5198 5585 5963 6191 6407 6667 6917 7135 7889 8231 8450 8646 8787 9044 
26 314 454 705 1313 1384 1536 1750 1922 3897 5895 6266 6400 6523 6562 7088 7403 7564 7767 8335 8851 8868 9131 9245 9498 9762 9920 
37 315 806 1300 1335 1571 2141 2201 2436 2596 2999 3294 3474 3683 3909 4101 4253 4459 4688 5027 5358 5519 5744 6077 6368 6555 6756 6900 7312 7582 7819 8004 8314 8710 8872 9031 9493 9833 
19 316 411 856 1466 1841 1959 2535 3220 3350 3824 5843 7563 7843 8179 8490 8840 9347 9529 9759 
31 317 859 1274 1758 2103 2287 2496 2981 3793 4563 4653 4776 5095 5437 5560 5970 6291 6342 6734 6988 7264 7717 7854 8169 8338 8356 8846 9103 9283 9543 9709 
25 318 814 1176 1407 1812 1944 2422 2797 2825 3047 3367 5144 6716 7178 7460 7692 7778 8079 8458 8847 9163 9383 9546 9674 9947 
29 319 580 1005 1846 2174 2344 2519 2810 3452 3876 4203 4516 4870 5195 5291 5598 6144 6429 6613 6810 7048 7165 7204 7616 8052 8478 8845 9099 9214 
21 320 1191 1904 2453 2897 3165 3460 3813 4226 4573 4761 5394 5763 6116 6328 6574 6720 6982 7245 7322 7468 
14 321 426 436 830 1319 3418 5334 5643 5887 6287 6676 6992 7355 9192 
36 322 548 971 1283 1612 1833 2008 2350 2526 2605 2928 3545 3982 4124 4219 4477 4977 5058 5383 5498 5850 6021 6207 6838 7288 7342 7744 7784 8009 8636 8736 8812 9140 9575 9710 9948 
16 323 755 1318 1631 1915 1920 2040 2184 2356 2660 5881 8960 9268 9443 9549 9651 
10 324 843 1282 1448 1819 2138 2382 2573 6260 9826 
9 325 631 818 1155 1548 1855 5706 9082 9491 
23 326 992 1504 1636 1918 2678 2930 3320 3522 3595 3869 4315 4437 4655 4717 6444 8267 8441 8794 9070 9275 9479 9705 
31 327 485 606 667 813 1054 1436 1638 2070 2615 2864 3442 4104 4650 4861 4954 5076 5357 5764 5924 6130 6375 6499 7338 7974 8077 8485 8694 8996 9439 9871 
25 328 572 610 811 1080 1478 1632 2224 2329 2646 2894 3529 3816 4155 4229 4393 4640 4742 4838 6624 8529 8614 9053 9583 9750 
20 329 616 787 1062 1243 1974 2244 2480 2764 3119 3276 3677 3936 6414 8881 9244 9430 9537 9623 9838 
26 330 573 939 1260 1950 2483 2805 2877 3179 3380 3750 3999 4208 4321 5987 7479 7677 7743 7961 7985 8096 8412 8888 9161 9272 9830 
23 331 684 1158 1558 1954 2096 2334 2627 2885 3102 3230 5432 7412 7502 7671 7914 8263 8566 8941 9071 9376 9771 9897 
34 332 407 688 1356 1735 2062 2377 2725 3279 3605 3851 4065 4735 5583 5731 5812 6112 6585 6842 7055 7336 7462 7633 8170 8494 8821 8926 9104 9185 9326 9552 9768 9909 9962 
40 333 419 838 1134 1424 1479 1948 2417 2527 2801 3070 3420 3558 3756 3860 4183 4377 4526 4677 4962 5398 5586 5820 5832 6083 6173 6486 6829 7216 7345 7651 7811 8193 8355 8518 8668 8786 8945 9081 9289 
34 334 429 776 1207 1342 1648 1992 2230 2315 2734 3128 3195 3301 3664 3889 3980 4097 4130 4361 4836 5542 6094 6387 6629 6878 7170 7191 7579 7685 8061 8245 8955 9522 9879 
24 335 846 1258 1326 1545 3972 5799 6152 6333 6438 6700 6742 6806 7052 7303 7701 7856 8006 8274 8410 8829 9207 9618 9910 
18 336 849 1330 1689 1921 2099 3848 5459 5531 5634 5732 5869 6081 6195 6307 6388 6473 6753 
10 337 543 642 742 1118 1716 2591 6102 9409 9708 
33 338 1032 1576 1688 2248 2643 2774 3117 3483 3678 3883 4164 4419 5098 5783 5824 6137 6233 6346 6621 6956 7323 7382 7663 7925 8135 8434 8718 8930 9166 9344 9480 9817 
35 339 1041 1336 1610 1977 2365 2722 2901 2983 3283 3490 3606 3938 4063 4278 4460 4878 5181 5446 5865 6179 6331 6366 6460 6500 6618 7054 7555 7980 8196 8593 8705 8998 9271 9785 
15 340 493 769 1298 1587 1810 2006 2516 2939 5781 8587 9060 9118 9179 9534 
27 341 538 1453 1760 1969 2254 2597 2814 3253 3553 3783 4007 4293 4491 4611 4728 4911 5179 5361 5611 5756 5871 5957 5985 7821 9617 9902 
37 342 613 1252 1897 2109 2222 2621 3103 3477 3633 3724 4023 4335 4697 4762 4965 5114 5275 5671 5727 5972 6133 6211 6415 6522 6781 6994 7337 7593 7756 7886 8469 8918 9116 9335 9436 9977 
25 343 446 765 1036 1328 1590 1671 1962 2198 2559 2702 3126 3356 3600 3924 4103 4641 4842 5260 5510 5649 7481 9508 9644 9980 
32 344 501 592 1169 1559 1739 2211 2599 3360 3781 3912 4010 4076 4153 4421 4627 4803 4920 4997 5217 5495 5735 5883 6176 6402 6561 6887 7289 7399 7680 8262 8758 
34 345 452 956 1317 1581 2143 2402 3014 3309 3391 3710 3942 4258 4376 4465 4944 5463 5693 5965 6148 6303 6669 6938 7095 7358 7509 7805 7881 8150 8547 8766 8910 9225 9418 
23 346 531 926 1507 1875 1998 4096 5958 6212 6449 6678 7039 7470 7673 8036 8301 8427 8575 8633 8908 9321 9524 9776 
10 347 639 773 4102 6655 6898 7238 7532 7809 9466 
13 348 545 702 1399 4894 8214 8437 8737 8913 9075 9334 9586 9870 
25 349 876 993 1353 1554 1838 2219 2355 2553 2695 3052 3435 3862 4149 4325 6135 7669 8018 8352 8568 8957 9164 9280 9610 9829 
26 350 430 721 841 1055 1322 1695 3148 4305 4429 4706 4970 5055 5146 5294 5563 5798 6214 6413 6551 6657 6693 6970 7285 7482 9187 
17 351 1201 1341 1465 1863 2435 3016 3123 3285 3469 3513 3608 6182 8472 8871 9138 9714 
23 352 596 1264 1510 1826 1899 2194 2684 3197 3446 3735 3977 4296 4690 4722 4886 5221 5592 5862 6201 6670 7036 7227 
22 353 1154 1509 1732 2357 2509 3315 3396 3693 4172 5203 5536 5769 6124 6185 6521 6729 6906 7149 7317 7464 9465 
36 354 1081 1508 1923 2251 2649 3087 3591 3670 3807 3941 4128 4309 4357 4461 4771 4964 5122 5492 5625 5896 5918 6282 6425 6554 6986 7371 7387 7434 7686 7775 8056 8673 8842 9111 9251 
19 355 612 905 1150 1562 2560 3423 3798 4046 4343 4643 4800 4971 5219 5365 5513 7459 9296 9795 
31 356 654 869 1115 1496 2238 2386 2676 2852 3053 3410 3473 3817 3906 4374 4779 5287 5555 5722 5875 6113 6541 6627 6932 7194 7451 7636 7846 7947 8089 8303 
17 357 498 1067 4286 6436 6697 6993 7283 7388 7552 7898 8203 8474 8753 8986 9167 9699 
34 358 824 1006 1215 1483 1829 2011 2125 2715 3160 3237 3484 3653 3780 3882 4192 4815 5135 5190 5435 5535 5770 5935 6175 6393 6766 7197 7722 8217 8697 9036 9120 9422 9734 
17 359 482 768 1929 2921 3306 3494 3730 3881 4077 4222 4434 4513 4687 4891 5441 8751 
17 360 815 1147 1592 1804 1986 2390 2796 2956 3169 3720 4353 4469 6935 9475 9655 9783 
25 361 887 1132 1650 1947 2231 2456 2867 3036 3192 3271 3857 4402 4713 5204 5265 5889 6240 6431 6885 7009 7243 7627 8115 8605 
7 362 549 1426 2448 4669 6190 8814 
15 363 1145 1599 1811 1910 2185 2424 2470 2778 3267 3596 3795 4035 4412 4796 
12 364 2401 4928 5343 5905 6372 6534 6823 7064 7228 7376 8769 
23 365 427 825 1060 1360 1759 2122 2341 2518 2914 3378 3517 3823 4151 4341 4457 4598 4712 5244 5672 5842 6209 6517 
22 366 588 1377 1769 2160 2473 2842 3398 3884 4198 4362 4930 5325 5692 5917 6134 6389 6858 7118 7269 7446 7804 
22 367 513 704 880 1414 1850 2325 2776 3038 3157 3349 3725 4089 4268 4474 4744 5103 5403 5541 5827 6099 6544 
20 368 3300 5434 5715 5779 5942 6172 6349 6475 6977 7255 7341 7497 7699 8202 8418 8540 8959 9086 9249 
24 369 1073 1270 1894 2487 2723 3272 3900 4389 4852 5034 5132 5342 5628 5771 6117 6741 7212 7474 7585 7965 8394 8502 8553 
19 370 618 1099 1511 1678 2077 2387 2459 2750 2980 3289 3535 3946 4075 4212 4401 4917 5226 8363 
18 371 497 1189 1557 1776 2513 3080 3322 3531 3821 3955 4143 4262 4338 4406 4646 7130 9864 
33 372 551 758 1278 1367 1926 2598 3083 3425 3583 3659 3837 3873 4040 4336 4666 5084 5504 5961 6478 6819 7072 7293 7557 7894 8177 8327 8514 8781 9113 9269 9690 9993 
26 373 511 1017 1290 1421 1925 2058 2157 2408 2618 3131 3546 3586 3775 3968 4196 4447 4769 5318 5666 5997 6345 6553 6731 7015 8687 
20 374 472 738 969 1031 1334 1792 2171 2970 3700 3907 4188 4467 6301 7919 8059 8333 8551 8675 8730 
27 375 440 1057 1622 1824 1987 2000 2394 2632 2802 2925 3097 3242 3504 3843 4127 4418 4845 5259 5508 5594 5719 6011 6040 6238 8084 9904 
25 376 831 1463 1808 2327 3008 3611 3716 3836 3973 4214 4556 4695 4719 4807 5021 5392 5742 6974 8102 8767 8970 9300 9639 9751 
13 377 744 1302 1586 1965 2176 5665 8765 9009 9144 9273 9662 9863 
9 378 897 1376 4675 7410 7794 8353 8552 8719 
36 379 421 1091 1391 1538 1951 2269 3247 3831 4013 4150 4480 4567 4749 5002 5152 5467 5681 5941 6310 6695 6850 7114 7298 7418 7737 7857 7977 8138 8372 8701 8874 9148 9342 9514 9809 
24 380 603 965 1469 2004 2152 2302 2790 3088 4806 6578 6908 7235 7463 7661 7820 8033 8133 8346 8556 9022 9299 9455 9836 
42 381 848 1045 1179 1374 1516 1745 2139 2554 2741 2915 3317 3759 3949 4497 4797 4841 4933 4992 5165 5385 5695 5898 6070 6408 6487 6617 6763 7003 7219 7596 7772 7916 8108 8284 8532 8622 8992 9204 9501 9585 9834 
10 382 805 1361 1620 1778 4006 4117 5833 6039 8879 
9 383 563 3564 5870 6026 6062 6220 6403 8282 
36 384 48 465 911 986 1165 1259 1512 1738 1996 2310 2588 2942 3223 3456 3833 3855 4277 4580 4996 5322 5689 6163 6453 6788 7335 7791 7870 8063 8131 8287 8426 8784 9051 9357 9620 
41 385 637 936 1310 1640 1892 2123 2538 3033 3292 3412 3707 3880 3963 4175 4509 4658 4850 4951 5142 5381 5641 5856 6025 6268 6588 6840 7144 7309 7675 7827 7943 7991 8070 8261 8459 8606 8904 9021 9453 9896 
29 386 636 1130 1537 1946 2188 2645 2923 3488 3852 4240 4578 4904 5277 5416 5679 6278 6571 6739 7153 7249 7528 7852 8226 8283 8347 8433 9310 9942 
40 387 745 913 1272 1908 2312 2409 2762 3106 3236 3478 3779 3994 4098 4216 4378 4499 4552 4610 4705 4854 5016 5630 5822 5960 6142 6236 6528 6863 7188 7534 7589 7922 8172 8341 8600 8704 8933 9258 9449 
20 388 408 1477 2172 2701 3355 3536 3898 4000 4394 4764 4905 5328 5582 5667 5857 6093 6457 6615 6686 
27 389 763 1362 1480 1677 1831 2079 2647 2794 3207 4902 6706 6918 7111 7247 7425 7648 7762 7869 7966 8206 8567 8774 8975 9329 9784 9905 
15 390 701 1010 1256 1568 1976 2097 2547 2811 3404 3647 6710 9802 9969 9999 
27 391 873 3120 4901 4995 5241 5454 5501 5747 6032 6254 6535 6725 7220 7584 7720 8051 8249 8295 8467 8647 8856 9137 9298 9482 9772 9978 
24 392 503 822 1358 1428 2088 2240 2743 2905 2998 3397 3581 3838 4205 4354 4727 5478 7500 9136 9279 9295 9592 9692 9810 
42 393 608 761 1265 1423 1696 2140 2221 2555 2737 2839 3050 3190 3382 3462 3652 3859 4403 4716 4798 5065 5194 5452 5472 5743 6232 6435 6577 6774 7066 7167 7356 7465 7657 8130 8482 8778 8987 9156 9535 9843 9970 
23 394 490 708 1194 2633 3471 3624 4001 4180 4423 4560 4649 4858 5026 5145 5331 5455 5616 5720 5928 6300 6884 7206 
26 395 582 1044 1701 2208 2497 2662 3068 3249 3334 3514 3854 4014 4340 4890 5311 5423 5851 6091 6538 6590 6660 6827 6903 7250 7621 
31 396 422 505 784 1303 1682 2447 2934 3287 3746 3998 4154 4455 4589 4987 5354 5580 5753 5885 6178 6603 7133 7691 8038 8188 8292 8501 9052 9325 9582 9796 
23 397 670 899 1020 1220 1381 3651 5362 5848 6234 6391 6483 6677 7163 7630 7887 8044 8313 8604 9066 9368 9628 9724 
7 398 203 4737 8230 8698 9069 9256 
18 399 567 808 1120 1540 1913 2178 2432 2945 3277 3541 3790 4059 4249 4433 4976 5546 5903 
19 400 451 921 1332 1449 1957 2095 2534 2703 3000 3458 3745 4121 4736 6570 8148 8360 8421 8578 
17 401 1127 1542 1851 2057 2216 2467 2693 3142 3578 5834 8374 8849 8935 9173 9634 9912 
39 402 958 1485 1900 2303 2607 2653 2683 2759 2876 3183 3540 4088 4590 4790 5003 5273 5638 6061 6360 6572 6925 7301 7476 7608 7833 7995 8321 8489 8573 8591 8689 8723 8934 9336 9526 9747 9792 9911 
33 403 817 1309 1549 1924 2203 2407 2548 2760 3004 3547 4099 4371 4691 4809 5129 5206 5364 5558 5663 5984 6468 6904 7179 7350 7553 7815 8223 8487 8946 9254 9593 9721 
44 404 534 569 1043 1527 1685 1937 2175 2340 2635 2770 2823 2975 3084 3171 3182 3286 3597 4142 4339 4849 5130 5200 5295 5700 6230 6464 6691 6718 6789 6901 7259 7674 7828 7950 8106 8140 8300 8621 8716 8961 9152 9417 9744 
19 405 943 3318 5229 5298 5509 6120 6223 6556 6761 7093 7171 7504 7583 7958 8334 8861 9416 9840 
25 406 764 1068 1667 1985 2115 2218 2331 2354 2661 2959 3335 3589 3840 4201 4449 4741 5082 5352 5490 5952 6325 6767 7147 8990 
