28 0 846 969 1498 1905 2245 2524 2762 3015 3228 3290 3584 3985 4080 4598 5066 5616 5852 6273 6624 7148 7194 7586 8371 8562 8804 9082 9614 
23 1 405 827 968 1505 1875 2225 3026 3375 3943 4221 4528 4922 5167 5627 6156 6582 7144 7956 8413 8915 9454 9690 
33 2 632 861 949 1473 2088 2497 2883 2973 3324 3562 3890 4233 4673 4940 5067 5209 5497 5877 6025 6175 6511 6784 6959 7183 7393 7655 7924 8372 8683 9244 9606 9735 
26 3 438 677 945 1367 1638 1711 2048 2781 3132 3471 3604 4105 4957 5472 6067 7001 7344 7664 8093 8396 8614 8891 9024 9261 9791 
27 4 534 1165 1640 1890 2438 2901 3292 3354 3531 3659 3935 4155 4605 5018 5416 5610 6287 6655 6718 7168 7615 7968 8655 9184 9333 9674 
25 5 381 832 1093 1769 2154 2574 3171 4029 4327 4655 5240 5714 5857 6352 6446 6854 6967 7436 7762 8276 8466 8978 9575 9958 
34 6 378 618 848 1311 1631 1720 1895 2159 2473 2615 2849 3197 3586 3765 3896 4064 4379 5019 5261 5564 5826 5965 6626 7026 7268 7434 7989 8455 8530 8542 8798 9508 9590 
24 7 574 1160 1376 1857 2586 3265 3570 3885 4110 4464 4509 4740 5182 5389 5590 6210 6782 7706 8173 8465 8821 9476 9994 
28 8 543 1018 1458 1882 1956 2170 2413 2915 3565 4006 4226 4901 5435 5637 6250 6943 7400 7907 8074 8426 8629 8872 8950 9260 9474 9805 9980 
32 9 675 1305 1573 1879 2264 2641 3199 3310 3774 3911 4256 4482 4768 5003 5647 5783 6109 6529 6830 6977 7158 7284 7589 7711 8033 8060 8481 8870 9055 9267 9923 
29 10 434 654 976 1082 1801 1961 2329 2703 2908 3331 3673 4039 4187 4475 4865 5370 5526 6131 6190 6451 6642 7383 8090 8408 8583 9141 9473 9964 
27 11 474 864 1544 2260 2635 2862 3149 3288 3972 4108 4569 5032 5421 5698 5915 5984 6534 6929 7207 7688 8365 8906 9289 9520 9713 9883 
29 12 376 410 627 951 1099 1499 2005 2212 2949 3107 3341 3575 3777 4284 5054 5777 5927 6216 6303 6666 7239 7458 8018 8083 8340 8776 9342 9704 
23 13 668 1290 1832 2191 2384 2931 3251 3703 3916 4277 4735 4944 5117 5766 6527 6772 7136 7598 8139 8641 9167 9677 
31 14 519 889 1173 1836 2518 2828 2919 3389 3529 4101 4606 4776 5091 5215 5784 5917 6526 6663 6983 7668 7817 8137 8168 8470 8784 8952 9049 9197 9592 9708 
28 15 645 988 1454 1853 2222 2367 2512 2957 3233 3668 3952 4369 4819 5278 5894 6191 6487 6828 7208 7536 7687 8151 8761 9088 9238 9777 9952 
33 16 598 858 1196 1373 1459 1862 2065 2099 2576 3118 3193 3485 3709 4220 4739 4861 5040 5283 5378 5972 6163 6428 6847 7084 7420 7871 8134 8433 8593 8833 9380 9847 
30 17 386 729 934 1360 1502 1784 2123 2176 2392 2546 3306 3900 4009 4178 4266 4614 4982 5325 5527 5905 6438 7045 7591 8063 8216 8498 9071 9500 9927 
26 18 875 1261 1669 1896 2198 2698 3426 3552 3853 4382 4952 5711 6021 6450 6948 7366 7672 8024 8240 8446 8887 9228 9386 9657 9730 
28 19 925 1179 1300 1806 2379 2693 2903 3019 3407 3688 3741 4241 4868 5432 6027 6579 6771 7126 7573 7901 8080 8271 8679 8864 9077 9553 9824 
31 20 473 791 1158 1490 1913 2365 2582 3151 3512 3781 4165 4608 4841 4967 5289 5341 5544 5899 6049 6873 7118 7174 7329 7829 8451 8879 9246 9394 9621 9789 
29 21 550 899 1189 1560 1788 1933 2509 2753 3064 3203 3399 3751 4130 4941 5011 5670 5728 5976 6506 6918 7196 7596 7700 8328 8843 9361 9486 9913 
29 22 682 941 1216 1497 2032 2414 2560 2780 3074 3585 4096 4260 4500 4822 5086 5315 5409 5581 5896 6017 6522 7107 7758 8123 8517 8927 9505 9758 
32 23 483 992 1286 1748 2091 2672 3036 3304 3708 3863 4131 4496 4671 4898 4976 5419 5502 5833 5983 6242 6492 6890 7416 7695 7865 8061 8258 8485 9010 9340 9922 
29 24 520 987 1275 1551 1761 2097 2654 3216 3588 3758 4224 4306 4873 5430 5687 5796 6113 6480 6728 7103 7352 7567 8092 8609 9105 9233 9319 9749 
28 25 42 400 718 874 1386 1587 1870 1945 2324 2914 3241 3382 3811 4275 4636 5078 5713 6133 6719 6898 7507 7728 8043 8163 8595 9065 9532 
32 26 703 836 1323 1494 1754 2028 2069 2233 2553 2899 3438 4054 4401 4688 4855 4964 5206 5476 5602 5837 6036 6247 6905 7467 7667 8189 8521 8750 9001 9315 9642 
30 27 502 831 1166 1250 1489 1679 1999 2525 2658 2821 3085 3349 4088 4660 5076 5506 5902 6381 6630 7134 7755 8110 8335 8420 8675 8975 9667 9753 9932 
26 28 379 572 653 920 1198 1346 1912 2389 2692 2995 3480 3918 4373 4716 5234 5821 6385 6768 7178 7613 8000 8509 9097 9423 9563 
28 29 643 1090 1319 1616 1850 2133 2286 2620 2895 3381 3704 4031 4665 5183 5347 5952 6320 6723 7432 7919 8114 8330 8539 8820 9098 9513 9908 
33 30 559 1034 1515 1812 2464 2591 2966 3190 3442 3551 3827 4147 4308 4675 5227 5277 5758 5803 5914 6130 6266 6397 6787 6935 7310 7953 8801 9107 9321 9848 9877 9942 
30 31 705 852 1058 1443 1902 2331 2596 2926 3209 3576 3796 4270 4455 4907 5102 5344 5495 5879 6009 6404 6757 7101 7350 7570 7746 7967 8267 9068 9533 
29 32 800 1148 1302 2011 2284 2580 2645 3100 3401 3954 4075 4669 5071 5426 5776 6058 6129 6387 6475 6829 7080 7211 7959 8582 8785 9305 9354 9918 
29 33 364 994 1521 1966 2443 2634 2876 3363 3740 4193 4362 4593 5031 5188 5388 5651 5869 6566 7333 7527 7928 8054 8370 8430 8625 9042 9388 9870 
27 34 642 811 1194 1441 1852 2356 2847 2985 3047 3314 3898 4252 4864 5531 6079 6697 7266 7372 7742 7955 8289 8665 8817 9268 9399 9836 
27 35 370 709 1112 1752 2230 2942 2971 3543 3901 4249 4749 5024 5276 5893 6353 6523 6681 6916 7641 8031 8252 8329 8965 9330 9842 9983 
27 36 784 1147 1507 1917 2140 2530 2617 2896 3279 3697 4627 5280 5804 5863 6180 6516 6947 7097 7478 7877 8126 8469 8722 9032 9434 9710 
34 37 369 446 937 1579 1799 1931 2057 2239 2646 2909 3095 3378 3734 4141 4240 4378 4778 5108 5522 5842 6177 6673 6991 7634 7999 8155 8283 8456 8693 9089 9295 9772 9780 
31 38 403 452 1059 1272 1381 1678 1764 2178 2440 2746 2878 3799 4375 4797 5065 5345 5592 5815 6080 6747 7011 7232 7444 8038 8164 8224 8740 9121 9438 9723 
32 39 444 640 754 965 1787 2228 2500 2938 3004 3099 3563 4011 4511 4626 5070 5399 5638 6236 6900 7122 7405 8011 8150 8264 8384 8537 8751 8811 9094 9329 9688 
25 40 821 1062 1509 2095 2532 3084 3574 3857 4259 4910 5512 5702 6265 6543 6773 7091 7439 7787 7962 8127 8286 8810 9164 9446 
30 41 636 1122 1485 1848 1984 2312 2559 3109 3505 3625 4079 4460 4584 4972 5464 6013 6267 6494 6775 6849 7028 7290 7543 7973 8091 8409 8532 9188 9634 
29 43 708 1128 1558 1778 2117 2352 2739 3460 4003 4084 4411 4828 4958 5293 5798 6110 6291 6389 6612 6812 7127 7673 7806 8037 8475 9030 9431 9906 
31 44 538 806 977 1269 1637 1835 2196 2648 3164 3498 4100 4340 4742 5014 5196 5648 5919 6179 6484 6727 7233 7874 8213 8300 8529 8881 9339 9449 9731 9941 
30 45 411 747 1113 1496 1952 2450 2597 3027 3301 3544 3975 4094 4316 4793 4947 5111 5663 6201 6535 6614 7039 7437 8082 8310 8685 8822 8878 9215 9935 
24 46 788 1242 1437 1697 2164 2551 2970 3458 3895 4361 4834 5193 5743 6052 6362 6986 7611 7725 8241 8572 8863 9286 9797 
27 47 401 678 787 1006 1607 2064 2385 2806 3309 3810 4413 4943 5403 5729 6223 6355 6675 6821 7015 7237 7505 7780 8157 8534 9016 9684 
25 48 463 845 1432 1455 1904 2656 3234 3902 4494 4751 4979 5576 5811 6314 6742 7010 7662 7908 8135 8374 8866 8929 9201 9868 
32 49 706 799 952 1383 1859 1934 2059 2485 2841 3077 3524 3761 4062 4557 4937 5159 5364 5673 5933 6146 6705 7286 7697 8089 8388 8478 8796 9106 9358 9443 9971 
27 50 549 695 1114 1572 2046 2696 3008 3295 3523 3788 3971 4469 4998 5457 5718 5898 6061 6891 7411 7476 8008 8510 8923 9112 9595 9851 
31 51 691 1115 1531 1729 2274 2691 2850 3267 3424 3808 3969 4129 4299 4645 5213 5431 5768 6222 6595 7037 7462 7793 8105 8306 8450 8777 9061 9296 9707 9837 
28 52 419 555 1077 1440 1660 2145 2181 2458 3066 3167 3635 3807 4217 4444 4974 5642 6008 6317 6758 7096 7594 7994 8287 8690 9014 9470 9916 
29 53 553 649 809 1210 1553 1741 2092 2651 3126 3834 4387 4615 5177 5598 5757 5818 6167 6436 7133 7486 7583 7951 8368 8816 8905 9618 9694 9893 
30 54 436 712 1140 1617 1838 2079 2304 2819 3383 3628 4125 4437 4786 5246 5721 6072 6332 6870 7157 7471 7838 7952 8257 8309 8766 8867 9199 9355 9661 
30 55 482 704 777 1134 1472 1817 2016 2306 2629 3114 3235 3534 3690 4293 4723 5259 5674 6150 6473 7012 7504 7620 7873 8187 8484 8788 9269 9419 9759 
30 56 443 737 1094 1254 1474 1872 2522 2565 3025 3486 3738 4575 4840 5132 5335 5659 5812 5968 6521 7146 7396 7509 7608 8218 8404 8479 8849 9294 9647 
28 57 491 673 1091 1339 1469 1971 2426 2683 2907 3286 3846 3881 4429 4753 4935 5176 5514 5750 6012 6676 7035 7210 7656 8366 8746 9468 9779 
24 58 880 1201 1506 2240 2830 3360 3830 4227 4323 5035 5305 5814 6125 6562 7059 7201 7351 7751 8249 8565 9044 9717 9829 
25 59 931 972 1450 1969 2741 3261 3409 3803 4257 4583 4843 5051 5504 5754 6051 6667 7428 8131 8499 9026 9187 9610 9709 9995 
24 60 865 1220 1510 1765 1924 2010 2383 3010 3566 3993 4295 4568 4911 5682 6185 6619 7325 7415 7847 8212 8857 9192 9828 
28 61 510 801 1444 2144 2657 2868 3540 3798 4016 4803 5199 5393 5507 6057 6255 6691 7222 7306 7753 8036 8506 8599 8961 9312 9624 9798 9979 
30 62 469 746 1284 1449 1588 1842 2071 2528 3115 3316 3558 3784 4274 4926 5064 5252 5778 6074 6228 6311 6647 6820 7058 7636 7888 8347 8782 8911 9364 
28 63 527 650 904 1461 2083 2350 2564 2796 3131 3692 4010 4553 4928 5271 5596 6128 6513 6962 7218 7456 7644 7961 8379 8753 9207 9519 9782 
25 64 497 666 798 1190 1710 1919 2298 2943 3003 3557 3992 4441 4597 5242 5618 5963 6037 6645 7202 7558 7917 8410 8467 9301 
28 65 389 921 1322 1595 1981 2237 2429 2798 3141 3453 3763 3932 4073 4527 4874 5093 5797 6346 6530 6951 7356 7747 7949 8268 8651 8902 9469 
26 66 187 669 1204 1537 1808 2377 2976 3415 3638 4136 4254 4567 4852 5149 5304 5900 6119 6551 7262 7927 8302 8789 8993 9512 9943 
26 67 565 1230 1421 2076 2749 2882 3016 3347 3868 4607 4933 5486 5547 5705 5908 6422 6834 6978 7522 7889 8204 8503 9081 9338 9631 
25 68 974 1466 2050 2370 2745 2863 2987 3671 4377 4712 5109 5577 5688 5876 6470 6893 7159 7258 7699 8361 8590 8735 9538 9904 
27 69 566 603 1078 1150 1422 2053 2455 2688 2988 3429 3650 4021 4463 5286 5734 6101 6504 6936 7223 7595 8331 8672 8896 8997 9278 9747 
26 70 869 1277 1354 1903 2460 2673 2801 3224 3326 3610 3888 4506 4766 5084 5499 5872 6097 6652 7453 7855 8175 8507 9302 9658 9786 
28 71 862 1170 1361 1428 1993 2320 2456 2775 2967 3256 3767 4149 4276 4788 5162 5446 5799 6241 6479 6743 6924 7460 8171 8824 8937 9665 9999 
30 72 515 727 1167 1287 1467 1646 1757 1921 2342 3097 3352 4045 4315 4794 5235 5679 5929 6309 6546 6798 6856 7180 7362 7835 7923 8477 8989 9108 9371 
26 73 517 838 859 1325 1530 1683 2115 2962 3327 3745 4251 4745 5205 5859 6197 6427 6589 6933 7229 7633 8182 8488 8616 8934 9415 
29 74 504 1072 1263 1709 2090 2187 2351 2575 2978 3431 3746 4341 5021 5232 5949 6413 6611 6903 7166 7278 7710 8006 8242 8483 8908 9174 9551 9855 
21 75 1038 1565 2021 2827 3618 4281 4653 5134 5179 5543 5909 6046 6295 6359 6735 7304 7972 8277 9018 9442 
33 76 762 1162 1175 1527 1680 2242 2382 2773 2910 3645 4060 4231 4502 4616 4959 5165 5332 5650 5937 6231 6678 7162 7422 7779 7984 8193 8411 8640 8803 9403 9728 9839 
30 77 849 1294 1342 1626 2134 2395 2513 2945 3255 3539 3849 4332 4467 4853 5333 5480 5703 6087 6426 6712 6872 7121 7617 7854 8282 8871 9248 9603 9889 
29 78 439 679 942 1601 2100 2224 2718 2989 3058 3672 3733 4123 4337 4542 5273 5482 6117 6804 6944 7265 7508 7737 7985 8476 9033 9176 9265 9878 
30 79 571 919 1534 1809 1849 2277 2499 2925 3079 3266 3441 3716 3897 4394 4591 4899 5010 5417 5939 6520 7008 7443 7555 8069 8133 8496 8598 9200 9818 
27 80 823 1247 1614 2002 2444 3056 3454 3548 3642 3867 3944 4118 4534 4963 5329 5752 5945 6288 7087 7294 7651 8391 9045 9157 9537 9835 
29 81 416 887 1392 1578 1760 2131 2394 2831 3319 3757 3974 4297 4769 5060 5452 5730 6173 6607 6739 6827 6914 7179 8051 8354 8531 8845 9245 9672 
26 82 496 866 1550 1643 1864 1983 2254 2449 2974 3730 4158 4536 4628 5080 5490 5571 5923 6442 7081 7820 8317 8707 8919 9317 9544 
30 83 589 1157 1340 1451 2031 2300 2820 2929 3627 3794 4139 4510 4741 4946 5175 5611 5748 6035 6284 6540 6952 7723 8017 8198 8304 8473 9034 9335 9593 
32 84 935 1022 1695 1944 2036 2161 2860 3335 3880 4134 4396 4513 4829 5152 5493 6044 6076 6238 6371 6502 6882 7195 7757 8169 8400 8669 9075 9392 9567 9669 9951 
30 85 377 630 1171 1800 2204 2348 2511 3001 3086 3243 3361 3597 3883 4717 5296 5710 5971 6549 7055 7190 7302 7468 7805 8393 8576 8815 9232 9534 9732 
28 86 462 914 1456 1897 2061 2218 2677 2951 3163 3276 3533 3979 4335 4830 5201 5465 5800 5889 6192 6724 7343 8019 8050 8497 8691 9492 9830 
24 87 524 943 1543 2182 2851 3353 3387 3802 4202 4630 5110 5437 5901 6448 7005 7495 7978 8650 9086 9249 9461 9639 9809 
27 88 392 498 932 997 1593 1730 2463 3120 3616 3945 4304 4825 4894 5039 5925 6590 7328 7810 7990 8356 8666 8935 9142 9219 9433 9560 
29 89 448 1177 1666 2055 2148 2600 3065 3140 3519 3966 4262 4433 4775 5517 6208 6456 6826 7142 7452 7579 7807 7826 8129 8345 8719 8983 9186 9541 
28 90 674 1244 2137 2717 2984 3302 3702 3875 4169 4356 4811 5230 5396 5770 6033 6093 6290 6713 7112 7480 7795 8010 8383 8698 9037 9356 9966 
29 91 481 1107 1618 1989 2111 2319 2610 3057 3457 4138 4420 4586 4759 5105 5440 5617 5723 5988 6370 6801 7131 7786 8341 8886 8998 9401 9517 9898 
31 92 964 1692 2268 2475 2843 3192 3285 3468 3538 3991 4150 4285 4872 5395 5709 6053 6377 6514 6555 7006 7176 7631 7934 8398 8717 9096 9297 9351 9638 9902 
30 93 431 717 1378 1901 2207 2572 2675 2888 3160 3264 3448 3907 4351 4942 5379 5444 5810 6205 6461 6850 7185 7273 7370 7897 8630 8946 9181 9625 9671 
30 94 479 641 960 1389 1813 2219 2684 3032 3154 3508 4253 4539 4939 5701 6495 6843 7052 7334 7571 7604 7691 8075 8299 8570 8687 8779 8901 9365 9637 
25 95 588 886 1073 1379 2047 2751 3263 3663 4005 4680 5309 5546 5669 5772 6142 6483 6942 7250 7862 8313 9070 9460 9524 9699 
30 96 459 633 789 1232 1647 1880 2376 2548 2794 2972 3470 4055 4709 4856 5427 5878 6294 6563 6976 7161 7353 7720 7784 7946 8432 8858 9095 9154 9612 
28 97 460 686 1060 1541 1948 2418 2963 3307 3694 3874 3921 4264 4732 5226 5360 5664 6148 6400 7054 7341 7547 7703 7898 8505 9053 9734 9891 
31 98 646 1032 1793 1937 2040 2171 2373 2807 3275 3670 3816 4065 4099 4512 4761 4929 5463 5819 6349 6627 6789 7022 7438 7682 8180 8375 8727 8836 9311 9814 
29 99 528 999 1514 1803 2266 2501 2837 3105 3493 3801 4600 5237 5558 5771 6116 6585 6759 6956 7023 7297 7657 8202 8745 9017 9256 9375 9733 9974 
24 100 437 696 1081 1278 1891 2401 2835 3072 3602 3786 4450 4849 5348 5836 6286 6613 6998 7429 7848 8279 8791 9363 9737 
28 101 545 839 1411 2001 2243 2393 2607 2845 3388 3594 4300 4885 5443 5822 6084 6338 6618 7173 7484 7647 7930 8103 8376 8793 9114 9456 9852 
33 102 711 1126 1138 1612 1922 2094 2273 2361 2724 2952 3414 3652 3844 4067 4291 4722 4881 5202 5613 5989 6593 6608 6761 7440 8113 8337 8688 8898 9299 9430 9771 9896 
29 103 361 738 1205 1492 1699 2042 2472 2678 3103 3245 3473 3831 4431 4884 5104 5356 5629 5715 6152 6386 6641 7083 7614 7931 8312 8756 9227 9788 
23 104 742 810 1540 2175 2469 2769 3211 3435 3494 3919 4258 4836 5220 5575 6083 6490 6902 7524 8021 8646 9396 9963 
29 105 396 429 607 1180 1783 2013 2486 2708 2875 3013 3177 3219 3680 4195 4273 4554 4984 5761 6259 6643 6927 7337 7635 7939 8681 9135 9266 9816 
28 106 664 868 1127 1304 1442 1941 2516 2787 2956 3112 3701 3927 4330 4842 5384 5794 5862 6458 6938 7435 7937 8579 8936 9038 9429 9653 9806 
30 107 647 1064 1131 1301 1603 1973 2227 2579 2671 2944 3373 3950 4408 4499 4670 4906 5013 5331 5462 5676 6393 6883 7135 7391 7540 7882 8573 9193 9518 
36 108 432 513 735 1051 1462 2153 2316 2388 2448 2834 3124 3159 3595 4198 4435 4549 4826 4862 5155 5171 5279 5400 5808 6006 6746 7117 7315 7600 8062 8431 8715 8888 8925 9377 9961 
25 109 612 779 1047 1236 2030 2174 2886 3436 3623 3994 4230 4637 4871 5322 5745 6059 6567 6786 7578 8166 8414 8516 8986 9458 
33 110 486 671 782 1285 1315 1691 1923 2598 3076 3492 3946 4059 4558 4705 4887 5197 5239 5516 5582 6275 6375 6571 6964 7215 7752 8162 8401 8732 8829 9003 9183 9570 
32 111 453 663 1037 1266 1671 1745 1884 2482 2626 2911 3046 3443 3850 3990 4282 4503 4875 5358 5653 5986 6361 6656 6987 7109 7336 8194 9052 9369 9566 9796 9939 
28 112 422 981 1517 1935 2215 2569 2722 3230 3343 3732 4216 4610 4895 5172 5555 6283 6841 7074 7385 7783 8122 8636 9128 9376 9583 9651 9968 
31 113 635 818 1100 1217 1471 1563 1814 2295 2471 2649 3214 3525 3931 4175 4424 4812 5401 5549 5870 6305 6763 6932 7132 7818 7983 8339 9151 9318 9485 9945 
26 114 355 449 1026 1255 1431 1707 2452 3054 3506 3743 3960 4427 4789 5301 5519 5832 6139 6308 6465 7108 7808 8605 9028 9205 9736 
27 115 714 1102 1570 2199 2291 2695 3083 3158 3365 3689 3723 4069 4760 5146 5361 5665 6001 6365 7029 7298 7914 8504 8885 9022 9172 9576 
33 116 557 751 1004 1406 1714 2185 2857 3430 3866 4022 4137 4357 4531 4731 4886 5085 5214 5373 5449 5588 5790 6026 6251 6693 7094 7323 7714 7940 8628 8762 9177 9499 
25 117 619 1055 1403 1580 2136 2665 2748 3029 3886 4269 4571 5198 5487 6073 6576 6980 7181 7479 7669 7950 8144 8566 8661 9283 
29 118 525 658 1395 1722 2044 2168 2344 2555 2900 3289 3728 4245 4847 5133 5603 5957 6368 6685 6825 7295 7448 7900 8111 8390 8959 9250 9821 9982 
26 119 998 1464 2138 2562 2980 3270 3727 4078 4236 4443 4517 5144 5385 5604 6138 6366 6639 7020 7260 7373 7693 7966 8508 8943 9627 
27 120 415 516 940 1186 1358 1795 2216 2802 3184 3812 4013 4360 4436 5112 5609 5823 6293 6684 7293 7660 8059 8536 8880 9447 9739 9993 
28 121 991 1355 1409 1746 2043 2338 2655 2921 3176 3715 4307 4820 5269 5448 5765 5944 5995 6373 6491 6561 7257 7489 7773 8389 9166 9516 9819 
30 122 587 833 1260 1615 1867 2146 2493 2568 2705 3223 3685 3845 4160 4477 4701 5125 5570 5998 6271 6760 7371 7406 7663 8035 8729 8862 9273 9768 9850 
27 123 521 893 1414 1575 2255 2686 2877 3129 3513 3970 4024 4421 4698 5004 5321 5567 5834 6629 6816 7545 8013 8260 8930 9012 9281 9765 
26 124 581 733 908 1089 1374 1753 2054 2334 3052 3547 3833 4197 4791 5192 5314 5377 5880 6333 6554 7003 7221 7975 8737 9230 9632 
34 125 477 828 1267 1659 1847 2067 2323 3144 3630 3700 4089 4294 4423 4596 4891 5055 5233 5484 6038 6254 6646 7102 7485 7652 7824 8251 8305 8415 8907 9391 9668 9864 9934 
25 126 358 768 1154 1495 1794 2271 2681 2884 3417 3706 4061 4399 4498 4986 5501 5780 6159 6779 7264 7475 8094 8363 8876 9609 
25 127 398 772 1104 1481 1782 1856 2142 2492 3048 3495 3936 4120 4533 4866 5640 6030 6392 7060 7716 8223 8563 9139 9613 9985 
31 128 435 769 1111 1228 1353 1833 2110 2728 3152 3278 3925 4526 4720 5083 5453 5680 6089 6252 6548 7247 7500 7760 8067 8117 8355 8749 9062 9123 9412 9579 
27 129 558 608 1439 1655 1827 2167 2660 3000 3573 4470 4780 5052 5371 6047 6356 6445 6945 7032 7270 7736 7981 8297 8892 8942 9542 9921 
31 130 560 1124 1555 2141 2483 2953 3474 4098 4521 4787 4955 5222 5257 5538 5847 5858 6100 6174 6330 6568 7043 7401 7565 7679 8014 8619 8818 9303 9565 9721 
26 131 740 1011 1316 1682 1929 2009 2445 2983 3456 3934 4474 5113 5735 6098 6587 6677 6915 7269 7588 7610 8288 8436 8711 9156 9724 
28 132 388 900 1129 1630 1773 1865 2308 2442 2790 3246 3488 3861 3929 4398 4687 4903 5267 5697 5844 6414 7139 7384 7881 8454 8714 9252 9682 
33 133 465 797 923 1399 1557 1728 1826 2113 2205 2411 2803 2992 3153 3580 4018 4329 4750 5195 5578 5719 6018 6243 6674 6797 6875 7171 7330 7929 8490 8728 9064 9700 
25 134 382 739 971 1397 1854 2105 2853 3687 3933 4508 4764 4953 5369 5591 5695 6264 6892 7454 7896 8040 8597 8995 9213 9452 
29 135 1068 1398 1731 1869 2177 2387 2527 2873 3272 3748 4192 4479 4581 5023 5625 5975 6272 6701 6876 6992 7426 7497 7904 8547 8695 9111 9293 9389 
29 136 393 748 1214 1549 1825 2307 2581 2774 3472 3858 4074 4286 4810 5157 5454 5666 6065 6432 7105 7421 7513 7678 7858 8453 8769 8973 9387 9944 
28 137 578 1391 1727 2303 2721 2959 3253 3862 4388 4727 4978 5295 5657 5982 6347 6560 6715 6868 7169 7404 7694 7963 8358 9040 9370 9722 9881 
25 138 1009 1798 1986 2415 3110 3651 3913 4223 4561 4707 4863 5392 5990 6090 6433 6802 7584 7789 8101 8522 8920 9359 9646 9706 
28 139 819 1419 1781 2213 2434 2529 2969 3237 3617 4182 4690 5163 6088 6714 7050 7231 7413 7566 7735 7813 8422 8634 8765 8991 9288 9418 9585 
32 140 480 693 837 1035 1188 1577 2112 2550 3021 3514 3676 3877 4023 4331 4504 4966 5630 6184 6339 6575 6778 7099 7360 7704 7922 8112 8613 8686 8964 9413 9858 
30 141 447 760 1149 1644 1977 2498 2767 2852 3143 3418 3693 4037 4543 5088 5468 5586 5868 6165 6379 6556 6644 7130 7279 7701 8165 8445 8730 9372 9965 
35 142 368 418 688 957 1401 1834 2015 2378 2743 3012 3578 3779 3957 4153 4302 4659 4734 5049 5560 5829 5924 6161 6748 6958 7114 7240 7533 7643 7884 8071 8699 9043 9477 9959 
28 143 885 954 1457 1744 1968 2290 2642 2680 2754 2791 3068 3737 4128 4426 4814 5244 5871 6425 6957 7073 7654 8068 8663 8853 9300 9408 9698 
30 144 584 765 1109 1654 2070 2280 3088 3521 3636 4014 4631 4904 5236 5535 5938 6143 6357 6440 6584 6658 7153 7749 8235 8544 8835 9079 9555 9714 9813 
27 145 547 1030 1673 2019 2505 2789 3350 3579 3978 4314 4386 4902 5550 6039 6444 6455 6605 6894 7092 7477 7836 8233 8733 9222 9506 9867 
23 146 882 1262 1824 2275 2541 2844 3133 3499 3815 4081 4837 5164 5387 5860 6321 6941 7506 8298 8689 9262 9405 9687 
24 147 458 771 1299 1564 2305 2549 2826 3173 3622 4170 4878 5017 5461 5694 5891 6636 7525 7649 8230 8270 8416 8900 9463 
26 148 467 526 755 1318 1756 1785 1975 2667 3166 3484 3984 4206 4416 4700 5254 5530 6062 6887 7612 7883 8265 8706 8813 9109 9775 
31 149 363 402 590 1281 1676 1738 2078 2346 2742 3093 3351 3567 3804 4050 4265 4582 4679 4960 5138 5692 5885 6219 6573 6664 7285 7719 8197 8359 8837 9445 
27 150 692 926 1257 1964 2417 3007 3262 3542 3698 3962 4544 5047 5228 5406 5865 6401 6716 7056 7744 8041 8346 8594 9000 9243 9619 9956 
29 151 476 805 1349 1629 1925 2155 2619 3169 3231 4033 4397 4696 5154 5639 5964 6601 7016 7519 7912 8149 8353 8575 8694 9125 9480 9573 9793 9947 
31 152 911 1359 1777 2003 2223 2451 2585 2838 2993 3195 3421 4030 4185 4602 4954 5352 5753 6048 6151 6519 6631 6966 7191 7712 8183 8680 9039 9489 9705 9897 
26 153 374 803 1066 1396 1702 1855 2506 3287 3571 3691 3982 4093 4514 4962 5418 6198 6805 6993 7033 7164 7645 8128 8645 9054 9540 
29 154 442 770 1283 1739 2020 2221 2670 2961 3333 3592 3959 4318 4765 5009 5422 5677 6170 6289 6615 6974 7459 7825 8208 8407 8852 9161 9584 9729 
26 155 639 928 1366 1568 1648 1985 2428 2924 3400 3695 3813 4650 4782 5258 5632 5946 6536 6877 7197 7466 7776 8030 8406 9004 9586 
31 156 488 855 1020 1063 1662 2238 2808 3092 3334 3451 3750 3906 4057 4439 5008 5178 5559 5716 6123 6721 6851 7031 7274 7601 7892 8322 8805 8957 9384 9719 
27 157 461 780 1446 1759 2062 2360 3045 3681 3997 4359 4818 5137 5621 5749 6137 6441 6809 7365 7607 8109 8700 8970 9116 9336 9846 9915 
25 158 857 1337 1651 1888 2087 2371 3014 3259 3677 4156 4580 5106 5253 5675 6437 6592 6940 7532 7837 8254 8610 9092 9285 9605 
29 159 599 929 1095 1352 1837 2353 2682 2788 3018 3629 4280 4365 4565 4971 5147 5334 5628 5981 6528 6989 7205 7802 8095 8417 8977 9523 9808 9924 
30 160 722 1252 1468 1562 1823 1920 2190 2357 2577 2950 3178 3517 4012 4313 5120 5744 6102 6434 6734 6842 7044 7368 7729 8049 8554 9007 9279 9462 9820 
29 161 568 638 1273 1435 1805 2261 2836 3127 3477 3852 3980 4238 4412 4588 4850 5284 5508 5774 6183 6822 7488 8085 8850 9221 9316 9617 9886 9996 
29 162 427 503 1110 1627 2024 2202 2481 2625 2699 2996 3227 3452 3735 4354 4552 4728 4821 4892 5170 5451 5853 6360 6774 7316 8032 8541 8642 9507 
29 163 541 725 1103 1259 1661 2081 2484 2861 3391 3783 4114 4430 4487 4621 4737 5145 5317 5897 6157 6518 6696 7472 7821 8138 8658 8720 8856 9383 
32 164 375 417 570 995 1221 1418 1566 1810 2375 3050 3102 3577 3922 4154 4639 4781 5362 5959 6478 7069 7282 7326 7692 7971 8201 8528 8807 8985 9202 9490 9691 
28 165 853 1208 1303 1532 1815 2126 2318 2799 2936 3433 3790 4255 4629 5053 5319 5511 5685 6285 6917 7305 8088 8543 8855 9023 9258 9465 9953 
29 166 539 963 1200 1312 1936 2251 2816 2916 3053 3631 4183 4529 4566 5126 5739 6034 6363 6711 7075 7312 7550 8077 8332 8826 8918 9345 9467 9871 
30 167 728 1135 1503 1786 2193 2407 2571 2934 3113 3530 3939 4385 4932 5394 5712 6122 6301 6744 6922 7193 7450 7696 7887 8160 8527 8922 9327 9472 9784 
27 168 372 644 906 1317 2147 2343 2647 2917 3201 3404 3855 4438 4703 4896 5349 5636 5717 6299 6963 7581 8311 8622 9031 9352 9578 9905 
30 169 425 508 1021 1350 1681 1749 2118 3073 3291 3541 3805 4132 4459 4617 4784 5012 5297 5619 5854 6324 6680 6982 7271 7358 7932 8211 8662 9087 9437 
28 170 601 764 1045 1382 1408 1528 1839 2039 2538 3145 3244 3614 3717 4239 4683 4763 5072 5194 5441 6055 6864 7303 7840 7903 8725 9616 9752 
23 171 815 1274 1624 2162 2623 3006 3520 3766 4173 4458 4815 5030 5420 5473 6118 6460 6981 7563 8029 8591 9159 9770 
30 172 579 1007 1314 1405 1909 2023 2347 2479 2702 3191 3591 3800 4287 4918 5528 5667 6158 6489 6649 6853 6928 7430 7637 7690 7965 8102 8560 8859 9550 
30 173 535 731 1023 1195 1321 1533 2018 2583 3239 3649 3988 4171 4579 4738 5033 5081 5372 5791 6217 6499 7065 7619 8119 8269 8428 8603 8944 9440 9807 
26 174 723 1206 1478 2129 2489 3022 3303 3384 3987 4667 5059 5131 5681 5954 5967 6628 7120 7593 7772 8167 8429 8772 8994 9572 9841 
32 175 734 870 1218 1423 1508 1780 2408 2535 2666 2734 2842 3200 3447 3795 4104 4570 4801 5135 5693 6132 6331 6901 7320 7457 7622 7993 8294 8671 9091 9531 9755 
28 176 892 1215 1493 1990 2214 2374 2477 2747 3206 3633 4085 4321 4726 5217 5383 5738 5875 6329 6539 6600 7313 7609 8034 8170 8940 9481 9754 
26 177 614 1052 1723 1996 2556 2805 3330 3752 4218 4623 4880 5096 5221 5513 6060 6878 7280 7642 7856 8007 8424 8626 9162 9680 9879 
33 178 702 842 1049 1642 1972 2340 2712 3119 3376 3665 4121 4540 4905 5151 5248 5649 6246 6319 6517 6831 6926 7277 7349 7798 8057 8292 8569 8768 8956 9247 9509 9919 
28 179 518 657 850 1141 1693 2068 2315 2697 2906 3345 3917 4488 4658 4767 4798 5346 5470 6004 6337 6463 6690 7288 7822 8281 8763 9324 9937 
27 180 794 985 1096 1334 1571 1670 1910 2612 3346 3736 3947 4770 5243 5845 6378 6553 6913 7064 7255 7809 8081 8731 9198 9280 9574 9903 
28 181 546 1016 1694 1706 2121 2557 2999 3296 3515 3892 4166 4772 5442 5760 6168 6207 6700 6803 6997 7569 7958 8234 8668 8744 9067 9545 9815 
24 182 830 1258 1576 1665 1878 2514 2854 2960 3284 4028 4288 4699 5180 5626 6200 6280 6620 6884 7322 7902 8514 8962 9599 
32 183 615 1164 1224 1519 1628 1696 2026 2419 2939 3423 3545 3903 4091 4476 4870 5057 5238 5537 5960 6056 6270 6729 7041 7382 7841 8039 8352 8639 8924 9427 9802 
25 184 567 1046 1885 2465 2640 2927 3242 3756 4298 4715 5022 5404 5608 5931 6235 6545 7066 7212 7518 7788 8195 8875 9453 9799 
27 185 421 793 1222 1591 2150 3080 3699 3780 4152 4453 5068 5281 5548 5883 6075 6394 6736 6969 7145 7515 7804 8140 8236 8471 8889 9582 
33 186 390 694 785 989 1249 1538 2282 2552 2756 3051 3450 3864 4228 4604 5015 5097 5189 5574 5910 5958 6281 6740 6808 7042 7338 7455 7911 8291 8588 8982 9562 9744 
27 188 367 684 1192 1292 1758 2439 2563 2998 3440 3976 4347 4733 5200 5671 6215 6296 6577 6755 7079 7291 7618 7777 8023 8709 9251 9948 
27 189 606 1256 1606 1900 2060 2257 2272 2719 3183 3656 3909 4389 4851 5523 6077 6380 6806 7051 7172 7311 7918 8447 8945 9103 9448 9857 
33 190 357 408 661 975 1152 1539 1790 2029 2421 2727 2920 3138 3268 3840 4440 4919 5005 5456 5725 5941 6094 6754 7335 7686 8025 8205 8452 8809 8987 9143 9212 9648 
32 191 595 822 1385 1501 1755 1997 2220 2337 2946 3035 3063 3297 3818 4395 4417 4859 5028 5127 5607 5904 6227 6770 7292 7503 7833 8296 9083 9206 9398 9471 9781 
32 192 475 726 1155 1529 1675 1893 2172 2536 2776 3258 4041 4390 4708 4792 5063 5353 5573 5864 6315 6591 6824 7013 7151 7592 8097 8419 8518 8758 8981 9271 9556 
31 193 295 1040 1585 2180 2311 2764 3162 3501 3837 4106 4370 4456 4809 5038 5351 5529 5886 6141 6695 7238 7733 7986 8342 8676 8967 9093 9270 9367 9600 9692 
26 194 917 986 1313 1567 1876 2173 2404 2476 2793 2913 3247 3619 4167 4292 4713 4994 5282 5764 6194 6750 7544 7938 8637 8926 9822 
28 195 523 556 1044 1341 1887 2611 3174 3393 4111 4449 4613 4993 5312 5741 5827 6552 6860 7276 7534 7866 8012 8399 8520 8696 8938 9308 9536 
24 196 660 1005 1297 1663 2269 2457 3078 3789 4019 4480 4936 5336 5524 5779 6196 6659 7234 7568 8199 8623 9155 9353 9695 
24 197 430 1010 1708 1918 2359 3257 3720 4042 4305 4883 5203 5366 5601 5881 6435 6596 6688 7491 8161 8678 9134 9484 9833 
27 198 775 1241 1674 2258 2740 3067 3437 4309 4573 4908 5274 5488 5759 6372 6753 6908 7106 7516 7734 8172 8225 8581 9025 9158 9514 9716 
32 199 493 834 1120 1684 2232 2856 3397 3882 4214 4468 4522 4694 4992 5380 5890 6149 6452 6738 6862 7089 7259 7551 7763 8020 8143 8526 8743 9218 9504 9589 9955 
36 200 563 814 979 1172 1410 1770 1963 2341 2737 3370 3828 4001 4209 4391 4518 4595 4724 4923 5285 5918 6402 6420 6623 6839 7235 7321 7348 7640 7828 8178 8207 8601 9020 9225 9466 
30 201 383 761 909 1123 1526 1721 1797 2285 2668 3402 4071 4523 4860 5092 5481 5540 6064 6505 6776 6995 7394 7974 8293 8412 8546 8611 9113 9901 9930 
33 202 506 826 990 1307 1504 1949 2156 2561 2715 2898 3106 3299 3425 3582 4263 4400 4718 4961 5359 5934 6181 6453 6606 6889 7549 7754 8072 8394 8552 8928 9414 9812 
25 203 689 1251 1762 1943 2310 2519 2912 3277 3937 4338 4730 5266 5381 5704 5948 6335 6586 7034 7648 8247 8633 9005 9407 9742 
30 204 767 913 1212 1604 2397 2905 3367 3420 3537 3977 4339 4547 4813 5041 5614 5955 6698 7048 7339 8118 8525 8607 8741 8953 9013 9231 9307 9794 9875 
30 205 580 1183 1364 1611 2166 2396 2795 2889 3369 3606 3719 3942 3961 4199 4692 4996 5408 5786 5912 6268 6443 6780 6910 7417 7960 8107 8395 8909 9487 
30 206 623 905 1117 1276 1590 1995 2466 2891 3139 3212 3684 3873 4525 4685 5249 5726 6449 6791 6930 7219 7526 7767 8334 8443 8606 8894 9277 9554 9845 
29 207 872 1309 1698 2004 2659 2759 3357 3714 4038 4407 4916 5320 5846 5926 6541 6863 6939 7129 7227 7261 7740 8005 8441 8589 8971 9360 9738 9975 
31 208 407 915 1394 1556 1734 1907 2122 2435 2757 3082 3182 3459 3729 4319 4968 5447 5605 6186 6340 6524 7027 7511 7718 8003 8362 8795 9051 9226 9435 9769 
27 209 440 544 878 1199 1605 2244 2618 3217 3607 3889 4363 4704 5166 5587 6261 6383 6741 6815 7137 7727 8239 8561 9066 9242 9428 9790 
27 210 540 681 1377 1712 1916 2409 2797 3395 3536 3973 4334 4854 5186 5425 5835 6136 6488 7165 7769 8055 8261 8524 8932 9152 9940 9960 
30 211 701 1057 1225 1512 1926 2201 2534 2800 3134 3742 3995 4189 4562 4951 5338 5569 6007 6095 6410 6657 6994 7463 7621 7905 8308 9080 9304 9402 9630 
31 212 464 939 1223 1448 1737 1982 2093 2226 2488 2689 3108 3467 3905 4234 4541 4654 4913 5212 5699 6464 6622 6709 7228 7514 7801 8104 8600 9019 9189 9581 
30 213 356 387 651 1033 1306 1705 2086 2531 2706 3059 3535 4109 4409 4649 5095 5793 6016 6086 6498 6921 7399 7603 7819 7945 8315 8585 8827 9602 9803 
31 214 554 1105 1390 1845 2052 2624 2894 3130 3413 3724 3930 3963 4312 4686 4807 5124 5424 5459 5580 5940 6598 6852 7078 7354 7800 8152 8649 8752 9406 9763 
30 215 583 774 1017 1295 1520 2184 2427 2948 3469 3669 3747 3926 4124 4643 5173 5291 5892 6078 6625 6975 7167 7528 7559 7857 8461 9078 9223 9511 9986 
27 216 662 824 1522 2106 2604 2824 3208 3675 4068 4333 5077 5483 5807 6232 6476 6707 6950 6988 7375 7715 7925 7998 8580 8969 9194 9604 
30 217 542 955 1119 1433 1767 1820 2432 3104 3644 3759 4135 4516 4752 5107 5498 5706 5841 5867 6202 6683 6879 6912 7225 8079 8494 8657 9102 9488 9854 
34 218 456 907 1207 1436 1861 2034 2592 3098 3147 3248 3556 4215 4640 4785 5103 5311 5787 6002 6212 6609 6972 7272 7628 7849 8016 8146 8486 8759 9074 9117 9344 9626 9696 
28 219 676 1097 1393 1772 2241 2293 2558 2628 2874 3281 4180 4648 5044 5390 5737 6003 6112 6193 6583 7009 7163 7834 8438 8718 9085 9348 9817 
31 220 366 611 1163 1384 1932 2333 2738 2785 3298 4237 4795 4890 5342 5683 6154 6423 6503 6635 6861 7192 7398 7597 7957 7988 8210 8472 8865 9326 9660 9990 
32 221 621 656 753 773 1268 1608 1860 2127 2296 3043 3385 3847 4196 4603 4882 5255 5368 5450 5830 6066 6421 6896 7199 7941 8181 8434 8670 8877 9373 9795 9936 
31 222 585 672 922 1202 1589 2072 2416 2537 3125 3410 3904 3998 4325 4783 5099 5298 5635 5996 6469 6756 7388 7680 7799 8448 8578 8851 9056 9368 9577 9957 
32 223 844 910 1054 1583 1840 1978 2234 2276 2543 2606 3181 3294 3841 4004 4296 4755 5303 5935 6384 6633 6817 7156 7606 7658 8125 8493 8701 8832 9148 9390 9727 
25 224 698 879 1084 1536 1930 2354 2760 3358 3835 4002 4419 4970 5123 5474 6115 6500 6961 7380 8001 8367 8893 9131 9203 9887 
29 225 884 984 1333 1906 2152 2259 2441 2714 3172 3731 4232 4484 4927 4997 5568 6127 6390 6679 7331 7496 7542 7726 8184 8713 9084 9636 9860 9900 
29 226 362 397 749 1347 1828 2189 2381 2508 2814 3322 3657 4225 4773 4879 5130 5439 6160 6415 7014 7419 8004 8553 8806 8895 9264 9479 9640 9823 
29 227 471 1069 1375 1851 2165 2313 2848 3336 3632 4007 4272 4656 5158 5903 6070 6345 6477 6732 7147 7575 7790 8130 8738 8808 9160 9379 9502 9644 
25 228 629 1213 1561 1829 1953 2335 2726 3408 3749 3923 4367 4594 5326 5740 5911 6239 6990 7766 7843 8200 8682 9290 9420 9663 
28 229 609 936 1153 1363 1911 2038 2420 3101 3683 3825 4140 4376 4601 4930 5428 5727 6011 6687 6726 7248 7675 8046 8316 8705 9169 9313 9659 
25 230 380 450 593 1229 1477 2301 2631 2750 2818 3419 3887 4161 4682 5330 5895 6091 6462 6858 7367 7916 8644 8955 9137 9628 
31 231 697 982 1144 1362 1650 1715 1792 2049 2192 2589 2869 3465 3661 4310 4466 4646 4920 5485 5936 6211 6670 6845 7038 7387 7792 8250 8775 9224 9381 9882 
26 232 863 1136 1245 1488 1771 2051 2326 2587 2777 3039 3528 3739 4151 4303 4893 5533 6172 6640 6909 7381 8064 8425 8631 8980 9331 
25 233 624 1019 1641 2096 2636 2897 3634 4044 4405 4489 4858 5290 5732 5767 6220 6648 6907 7461 7561 7863 8214 8519 9220 9783 
25 234 716 947 1804 2716 3329 3640 4083 4301 5043 5477 5969 6512 6764 6937 7418 7557 7707 7948 8697 9118 9180 9426 9615 9869 
28 235 395 961 1368 1779 2206 2321 2608 3205 3648 4070 4403 4493 4827 5471 5641 6187 6336 6472 6731 6899 7125 7650 8351 8378 8549 8584 9320 
25 236 605 792 1547 2208 2663 2812 3252 3377 4058 4710 5098 5494 5987 6104 6533 6661 7036 7253 7623 7816 8643 8976 9596 9776 
28 237 413 713 946 1065 1412 1846 2116 2369 2813 2990 3713 4320 4697 5069 5327 5724 5950 6226 6781 7188 7355 7832 8338 8558 9127 9826 9988 
32 238 897 1118 1331 1420 1609 2012 2169 2265 2832 2904 3157 3386 3705 4210 4481 4889 5433 5762 5884 6325 6745 6880 7021 7469 7796 8190 8468 8550 8912 9357 9656 
32 239 485 1001 1621 2197 2502 2614 2935 3269 3762 4117 4524 4804 4991 5661 6233 6376 6544 6706 6765 6931 6971 7446 7785 7885 8245 8721 8841 8913 9350 9655 9970 
28 240 634 1014 1326 1892 2700 3311 3612 3785 4097 4619 4835 4897 5087 5565 5979 6103 6406 6486 7019 7891 7995 8154 8842 8917 9190 9561 9697 
32 241 548 1041 1239 1596 1899 2515 3156 3362 3504 3770 4148 4422 4657 5075 5142 5782 5991 6391 6653 6919 7175 7363 7605 7732 8228 8674 8883 8988 9144 9425 9838 
25 242 867 983 1491 2041 2690 2933 3123 3394 3878 4366 4817 5398 5992 6334 6686 7150 7470 7861 7933 8458 8781 8948 9441 9720 
29 243 423 490 690 1174 1516 1774 2349 2599 3033 3432 3710 3967 4538 4824 5270 5840 6418 6665 7149 7402 7844 7936 8386 8457 8635 8958 9450 9649 
25 244 953 1086 1338 1434 2108 2403 3011 3462 3599 4353 4808 5042 5445 5763 6032 6569 6749 7140 7529 8153 8364 8844 9328 9910 
28 245 394 454 956 1234 1789 2209 2292 2786 2932 3273 4049 4505 4746 4917 5500 6041 6510 6818 7119 7245 7424 7768 8501 9048 9104 9482 9987 
28 246 594 1197 1747 1959 2250 2521 2593 2653 3024 3806 4519 4757 5116 5644 5817 5970 6120 6557 6788 7230 7423 7943 8736 8899 9099 9607 9949 
29 247 492 930 1369 1881 1927 2372 2858 2892 3280 3678 4072 4283 4352 4838 5046 5272 5612 6306 6793 7098 7483 7869 8290 8377 8931 9119 9451 9876 
28 248 743 1108 1619 2124 2425 2782 3096 3613 4053 4380 4714 5002 5423 5510 5997 6249 6327 6669 7076 7309 7750 8385 8617 8825 9072 9620 9861 
33 249 901 1280 1356 1858 1970 2075 2424 2733 2991 3405 3655 3856 4113 4622 4857 5184 5397 5809 6040 6298 6762 6999 7206 7318 7771 7913 8220 8397 8846 9175 9546 9840 
32 250 720 978 1417 1992 2639 2829 3348 3682 3814 3983 4184 4317 4634 4823 5407 5557 5887 6099 6302 6409 6496 6865 7186 7433 7624 7830 8045 8684 9149 9712 9984 
28 251 365 514 724 1070 1425 1928 2073 2462 3034 3554 4082 4545 4691 4973 4988 5260 5475 5813 6292 7090 7629 7683 7878 8273 8462 9046 9711 
28 252 522 841 916 1282 2027 2809 3207 3754 4446 4912 5089 5402 5913 6245 6466 6720 7057 7263 7487 7852 7991 8275 8495 8618 9115 9432 9888 
27 253 829 1002 1231 1523 2103 2386 2763 3071 3509 3851 4491 4632 5034 5350 5696 6140 6867 7482 7970 8533 8654 8963 9239 9337 9571 9929 
30 254 529 652 966 1279 1484 1713 2135 2573 2965 3355 3755 3910 4008 4244 4651 4736 4990 5287 5631 6277 6796 6895 7251 7702 8121 8568 8910 9150 9925 
25 255 507 786 903 1176 1552 1955 2114 2810 3236 3483 4163 4725 5006 5466 5606 5736 6105 6703 7088 7770 8185 8797 9409 9962 
25 256 1071 1351 1586 2246 2487 2713 2720 3315 3546 3600 4066 4406 4848 5056 5566 5831 6263 7007 7666 8437 8774 8949 9393 9745 
28 257 391 445 950 1388 1830 2128 2461 2783 3321 3949 4577 4914 4980 5365 5646 5824 6022 6574 6885 7143 7494 7867 8319 9110 9422 9785 9989 
26 258 577 1348 1726 2160 2510 2772 3049 3202 3674 4036 4572 5288 5656 5928 6408 7111 7409 7797 8048 8100 8435 8559 8786 8972 9664 
29 259 406 494 993 1701 2262 2491 2570 2644 2975 3639 4015 4090 4551 4689 4867 5265 5551 5722 6134 6578 7378 7811 8053 8587 8771 9263 9558 9865 
26 260 938 1634 1686 2345 3091 3427 3824 4188 4495 5007 5121 5554 5805 6279 6638 6985 7364 7602 7969 8232 8344 8754 9325 9757 9885 
28 261 586 967 1387 1818 2008 2236 2446 2730 3412 3722 4146 4681 4869 4925 5251 5643 5816 6178 6823 7447 7944 8314 8474 9146 9693 9774 9992 
38 262 426 820 1015 1336 1476 1724 2017 2431 2768 3196 3496 3876 3938 4268 4381 4425 4609 4729 4846 4924 5094 5438 5806 6417 6602 6859 7053 7548 8174 8272 8548 9002 9057 9417 9743 9831 9928 
28 263 604 1083 1365 1548 1667 2025 2089 2422 2825 3081 3232 3356 3836 4208 4328 4661 5000 5224 5662 6396 6508 6965 7319 8028 8500 9090 9946 
30 264 472 721 1012 1581 1939 2330 2627 2694 2918 3282 3712 4235 4447 4574 4900 5343 5788 6300 6710 7301 7997 8266 8427 8648 8951 9310 9501 9761 9977 
24 265 665 1240 1542 1677 2368 2584 3005 3398 3589 3725 4200 4663 5339 5652 6028 6581 7216 7739 8026 8156 8667 8873 9341 
27 266 532 918 1226 1703 1740 1908 2267 2281 2881 3490 4127 4758 5160 5414 5888 5974 6405 7049 7473 7677 7942 8243 8624 8966 9552 9967 
31 267 873 1219 1513 1750 2006 2433 2661 2723 3009 3569 3854 4418 4537 5139 5299 5977 6019 6199 6457 6888 7095 7359 7638 7765 7774 8323 8571 9027 9272 9681 
28 268 710 1116 1594 1736 2074 2437 2621 3090 3180 3510 3912 4077 4222 4578 5313 5584 5921 6369 6474 7062 7517 8145 8511 8941 9643 9725 9787 
32 269 428 778 1203 1636 2045 2247 2520 2632 3213 3503 3843 4246 4515 5156 5263 5324 5589 5820 6224 6767 7047 7224 7386 7585 7982 8227 8253 8577 9235 9525 9911 
32 270 758 802 1178 1400 1610 2158 2402 2643 2922 3371 3587 3899 4666 4805 5207 5489 5583 5751 6147 6348 6570 6837 6954 7724 8320 8884 9254 9436 9526 9662 9895 
27 271 659 835 1137 1690 2188 2454 2902 3643 4248 4384 4985 5190 5308 5413 5660 5953 6257 6588 7025 7204 7451 7906 8464 9132 9196 9529 
26 272 562 637 719 1296 1988 2533 3116 3317 3497 4035 4190 4743 5208 5828 6493 7324 7408 7412 7880 8217 8921 9100 9666 9834 9884 
27 273 409 620 744 856 1139 1592 2066 2710 3215 3446 3609 3626 4145 4719 5153 5307 5850 6213 6304 6840 7345 7935 8191 8703 9035 9275 
33 274 484 752 944 1253 1357 1463 1704 2022 2366 2662 3481 3718 3879 4115 4590 4756 4965 5219 5595 6189 6769 7275 7431 7632 7713 7853 8086 8278 8652 8834 9539 9907 
34 275 655 783 1056 1209 1416 1886 2007 2391 2517 2622 2940 3439 3832 4122 4176 4520 4684 4945 5306 5802 6144 6594 6946 7242 7369 7815 8056 8440 8861 9036 9495 9740 9859 
29 276 575 804 1013 1293 1718 2283 2779 2968 3218 3392 3559 3951 4448 5020 5355 5405 5690 5978 6398 6855 7104 7327 7722 8177 8545 8979 9240 9689 
24 277 499 1029 1289 1868 2288 3117 3797 3968 4350 4624 5211 5769 6015 6108 6531 6725 6836 7217 7580 7980 8564 9195 9411 
26 278 359 898 1582 1965 2380 2885 3188 3320 3793 3989 4261 4462 4674 5036 5645 6195 6792 7449 7625 8099 8357 8621 9130 9702 9950 
25 279 851 1098 1380 1735 2210 2470 3031 3550 4211 4559 4678 5128 5492 5999 6350 6814 7110 7531 7886 8284 8608 9173 9209 9766 
32 280 756 1031 1237 1657 1841 1947 2098 2679 3075 3646 3920 4364 4563 4711 5119 5302 5552 6029 6316 6572 6800 7128 7410 7705 7926 8246 8831 9216 9530 9650 9972 
27 281 896 1429 2077 2637 2865 3222 3621 3829 3999 4414 4483 4744 5410 6063 6258 6960 7357 7781 7876 8238 8439 8755 9076 9366 9675 9866 
38 282 500 847 1211 1625 1821 1898 2139 2309 2332 2744 2815 2855 2979 3121 3479 3615 3820 4143 4372 4672 5016 5469 5600 5795 6559 6832 7187 7414 7562 7814 7879 8027 8259 9163 9287 9494 9874 
29 283 404 505 683 933 1246 1645 1994 2633 3225 3553 3955 4371 4771 5316 5593 5700 5755 5866 6354 6777 6795 7077 7630 8096 8592 9140 9182 9569 
25 284 888 1427 1664 2358 2539 2817 3226 3403 3915 4492 4956 5415 6045 6525 7030 7283 7445 7698 7976 8349 8828 9217 9670 9801 
30 285 776 1308 1791 2107 2616 2947 3135 3406 3572 4000 4203 4652 4800 5187 5556 5874 6169 7123 7403 7947 8052 8555 8868 9101 9191 9284 9559 9568 9856 
28 286 625 1143 1613 2109 2400 2609 2887 3342 3598 3940 4324 4415 4457 4664 5169 5579 5775 6342 6509 7004 7498 7627 8058 8620 8812 9421 9832 
22 287 1027 1483 1819 2194 2784 3060 3773 4428 5150 5678 5956 6482 7203 7676 8066 8418 8773 9298 9767 9863 9973 
26 288 973 1725 2279 2605 2870 2964 3293 3641 4052 4322 4647 5122 5225 6014 6274 6565 6621 6790 7154 7379 7709 8206 8830 9008 9748 
27 289 512 871 1248 1554 2102 2595 3179 3463 3819 4027 4486 5025 5328 5624 6307 6650 7124 7441 7761 7977 8215 8692 8960 9382 9522 9564 
29 290 613 817 1087 1184 1597 1751 2328 2602 2893 3122 3312 3445 3660 3809 3996 4271 4833 5082 5386 6221 6857 7209 7775 8148 8333 9009 9385 9591 
26 291 795 1288 1685 2229 2544 2669 3146 3344 3601 3664 4034 4445 4915 5090 5412 5848 6542 6996 7289 7954 8747 9204 9343 9515 9920 
26 292 699 1445 1914 2035 2468 2792 2986 3137 3658 4116 4345 4983 5376 5539 5922 6297 6439 6694 7254 8065 8638 8847 9069 9378 9685 
32 293 333 732 1329 1559 1639 2080 2709 3002 3637 3986 4162 4471 4625 4989 5357 5658 5932 6269 6783 6874 7063 7317 7721 8209 8360 8540 8802 9133 9483 9623 9894 
33 294 573 730 958 1169 1938 2149 2355 2840 3254 3522 3666 3760 3956 4076 4535 5074 5536 6107 6507 6733 7213 7390 7537 7915 8042 8482 8535 8800 9073 9229 9633 9778 
29 296 551 962 1187 1717 1942 2567 3017 3185 3482 3787 4020 4501 4981 5136 5545 5689 5861 6106 6403 6547 7214 7910 8078 8512 8869 9153 9410 9912 
28 297 466 745 1024 1298 1732 2299 2613 3229 3865 4348 4620 4877 5204 5434 5993 6550 6610 6984 7082 7243 7564 7730 8203 8574 9124 9211 9608 
33 298 385 759 1048 1243 1460 1998 2211 2317 2554 2664 2811 3250 3478 3965 4485 4633 4995 5300 5585 6010 6092 6412 7068 7299 7464 7523 7794 8336 8489 9147 9741 9998 
26 299 511 970 1545 1894 1954 2406 2846 3368 3848 4186 4311 4747 5262 5930 6429 6846 6920 7071 7182 7541 7868 8142 8760 9234 9827 
27 300 306 1050 1146 1871 2143 2523 2685 3070 3507 3721 3914 4126 4451 4969 5231 5747 6497 6881 7160 7576 7685 7894 8487 8974 9255 9527 
29 301 478 617 812 1191 1402 1958 2490 2997 3055 3366 3791 4393 4909 5460 5825 5920 6145 6244 6838 7200 7646 8002 8084 8403 8968 9063 9439 9654 
32 302 441 959 1088 1271 1620 1811 1946 2151 2405 2494 2872 3390 3487 3605 4087 4267 4478 4802 5001 5216 5781 5985 6253 6358 6599 7226 7535 7899 8770 9291 9652 
31 303 924 1447 1622 1689 2104 2879 3220 3328 3455 3596 3872 4056 4144 4748 5275 5906 6382 6617 6911 7308 7510 7659 7791 8022 8303 8556 8792 9122 9528 9969 
27 304 813 1168 1518 1600 1802 2287 2770 3148 3568 4095 4142 4497 4676 5029 5505 6069 6395 6722 6973 7281 7490 7842 8632 8726 9588 9756 
25 305 470 1036 1623 2157 2547 3023 3240 3476 3792 4174 4844 5185 5562 6124 6682 6810 7189 7670 8159 8221 8724 9185 9703 9954 
26 307 597 1008 1335 1632 1962 2480 3204 4047 4242 4454 5062 5391 5655 5742 6126 6351 6811 6906 7392 7653 8255 8586 8882 9346 9686 
28 308 894 1413 1796 2390 2864 3155 3359 3620 3821 4086 4191 4465 4831 5210 5354 6121 6313 6702 7184 7560 7839 8318 8324 8764 9178 9683 9825 
24 309 796 1238 1500 1775 2270 2325 3161 3555 4212 4585 5061 5479 5707 6276 6471 6953 7499 7681 8442 8839 9236 9611 9938 
31 310 600 996 1235 1404 2085 2766 2839 2982 3308 3527 4026 4289 4548 4806 5101 5521 5962 6082 6538 6807 7347 7582 7996 8710 8954 9047 9322 9478 9598 9931 
31 311 552 895 1132 1181 1656 1976 2588 3464 3549 3764 4051 4355 4564 5140 5849 6081 6240 6416 6537 6923 7170 7407 7756 7851 8231 8463 8739 9059 9404 9849 
28 312 670 1106 1407 1915 2503 2880 3165 3461 3502 3860 4025 4473 4550 4816 5318 5534 5731 6343 6844 7577 7859 8327 8380 8819 9493 9547 9597 
35 313 384 631 883 1480 1776 2056 2256 2603 3175 3466 3583 3679 3772 3908 4229 4635 4693 5141 5597 6024 6114 6206 6637 7067 7100 7731 8321 8449 8656 8914 9029 9136 9459 9917 
29 314 530 667 1151 1475 1633 2033 2399 2958 3030 3249 3696 4159 4721 5129 5525 5686 6234 6737 6955 7267 7481 7831 8263 8659 9257 9557 9676 9880 
28 315 501 890 1145 1486 1649 2101 2339 2545 3041 3372 3489 3941 4641 5174 5337 5561 5973 6237 6430 6632 6934 7198 7674 8147 8677 9168 9549 
22 316 399 763 1159 1465 1951 2294 2566 2955 3564 3958 4383 4779 5250 5563 6328 6866 7552 8188 8874 9503 9853 
29 317 1025 1161 1270 1957 2289 2731 3300 3428 3581 3948 4374 4618 4832 5143 5633 5756 6164 6459 6813 6970 7072 7340 8044 8073 8551 9041 9374 9811 
26 318 536 1130 1602 1844 1979 2459 2711 3305 3686 4119 4207 4402 4950 5733 6312 6699 7024 7241 7493 7920 8392 8460 8848 9145 9395 
28 319 487 1039 1574 1742 2186 2474 2833 3238 3593 3776 4032 4452 4888 5073 5168 5553 5855 6171 6501 6968 7492 7665 8116 8229 8702 9015 9455 
25 320 592 1142 1479 2302 3111 3768 3893 4204 4442 4975 5191 5436 5839 6050 6419 6819 7138 7346 7759 8387 8604 9170 9844 9976 
26 321 757 860 1193 1370 1866 2327 2578 2823 3221 3884 4546 5245 5594 5789 6388 6671 6799 6835 7155 7521 7748 8513 8838 9292 9981 
33 322 509 626 766 891 1227 1310 1658 1873 2248 2398 2601 2930 3260 3711 3924 4644 4921 5374 5509 5720 6031 6654 7177 7425 8136 8325 8343 8708 8999 9282 9601 9726 
29 323 451 790 881 1121 1452 1719 2119 2263 2704 2822 3069 3667 4194 4592 5118 5599 5785 6068 6278 6485 7256 7738 7992 8423 8916 9314 9587 9926 
25 324 622 707 1182 1453 2014 2430 2542 2755 3194 3823 4112 4432 4938 5455 5966 6468 7061 7554 8186 8402 8794 9050 9309 9580 
29 325 736 1345 1716 1940 2650 3128 3449 3532 3822 4043 4472 4576 5294 5873 6166 6225 6672 7141 7442 7590 7812 7860 8222 8757 9208 9498 9715 9746 
26 326 468 781 1424 1743 1974 2195 2687 2867 3037 3379 3608 4326 4706 5114 5668 6155 6897 7539 7616 7987 8381 8984 9179 9334 9679 
35 327 457 1053 1371 1482 1763 1967 2231 2336 2765 3044 3422 3753 3928 4247 4461 4799 5375 5943 6248 6374 6668 7046 7307 7556 8076 8237 8596 8712 8996 9306 9362 9535 9678 9764 
31 328 610 750 1074 1569 1688 2217 2297 2758 2994 3332 3603 3769 3869 4046 4205 4342 4642 5161 5515 6043 6323 6634 6925 7553 7764 8098 8369 8742 9120 9760 
29 329 373 582 843 1075 1265 1324 1415 1816 2322 3020 3380 3526 3782 4343 5058 5843 6176 6256 6515 6904 7314 7846 8124 8492 8734 9276 9347 9810 
25 330 596 1156 1487 1822 2278 2453 2937 3475 3953 4243 4774 4949 5542 5615 5916 6096 6597 7040 7252 7717 8274 8653 9129 9673 
24 331 648 1079 1344 1700 2249 2676 3061 3817 4092 4213 4530 5026 5746 6230 6794 7113 7332 7671 8248 8307 8660 9058 9214 
30 332 360 591 902 1511 2179 2526 3186 3444 3842 4157 4290 4368 4638 5048 5620 5672 6182 6604 6751 6848 7093 7342 7661 7895 8141 8502 8778 8933 9645 
28 334 420 980 1372 1733 2200 2771 2928 2954 3364 3647 4201 4845 5100 5363 5856 6322 6558 6949 7587 8087 8256 8480 8647 8897 9138 9457 9997 
25 335 531 687 1085 1652 2120 2590 2701 3028 3198 3653 4219 4777 4987 5503 5994 6260 6564 6871 7389 7893 8285 8860 9594 9635 
29 336 433 808 1332 1672 2000 2478 3038 3271 3411 3778 3894 4279 4587 4754 5247 5708 5951 6111 6411 7002 7287 7741 8120 8348 8567 8814 9253 9862 
34 337 412 715 1320 1598 1863 2132 2423 2866 3189 3518 3775 4107 4349 4662 5079 5229 5491 5947 6054 6344 6454 6704 7296 7427 7599 7745 7870 8009 8350 8602 8890 9237 9750 
28 338 576 1067 1877 2252 2652 3210 3318 3624 3707 4168 4702 5045 5429 5961 6071 6367 6979 7474 7823 8179 8459 8783 8903 9241 9622 9800 9978 
33 339 495 1043 1687 1768 1874 2125 2736 3062 3170 3323 3560 3981 4164 4346 4434 4490 4934 5292 5851 6020 6318 6708 7220 7502 7626 7803 8106 8219 8615 9323 9548 9773 
25 340 414 685 1000 1343 1991 2364 2752 3150 3511 3871 4589 5027 5268 5622 6262 6407 7000 7520 7890 8326 8939 9274 9491 9914 
29 341 533 854 1635 1950 1987 2363 2804 3325 3500 4063 4179 4695 5241 5942 6399 6424 6717 6886 7249 7465 7875 8132 8491 8790 8854 9332 9510 9899 
31 342 455 569 948 1076 1328 1584 2130 2507 2941 3283 3340 3838 4404 4612 4790 5037 5496 5518 6000 6209 6752 7115 7376 7909 8373 8716 9006 9210 9464 9751 
25 343 840 1101 1430 1546 1980 2163 2540 2923 3089 3839 3964 4556 4611 5323 5773 6203 6580 6869 7361 7845 8444 8840 9171 9804 
32 344 628 1003 1291 1524 1807 2410 2729 2890 3338 3744 4177 4336 4762 5310 5541 5684 6135 6229 6341 6730 7086 7395 7639 7864 8295 8612 8664 8904 9475 9629 9933 
22 345 825 1080 1470 2037 2496 2630 3313 3434 4040 4560 5223 5623 6204 6481 6766 7397 7850 8405 8992 9416 9892 
32 346 700 1264 1525 1843 1960 2436 2504 2981 3168 3339 3561 4133 4172 4250 4599 4796 5264 5411 5634 5691 6005 6431 6833 7244 7689 8015 8244 8748 8823 9397 9909 
33 347 1028 1233 1438 1889 2203 2467 2594 2761 2778 2859 3136 3396 3491 3771 4048 4278 4555 4876 5181 5340 5838 5882 6188 6660 7017 7530 7684 8196 8673 9349 9543 9718 
25 348 564 877 912 1653 2058 2447 2977 3726 4181 4668 5115 5382 5532 5907 6364 7236 7538 8158 8627 9011 9165 9424 9444 9991 
36 349 489 741 876 1125 1330 1599 1766 2084 2674 3142 3337 3891 4507 4948 5218 5367 5572 5980 6214 6532 6603 7152 7374 7512 7572 8070 8176 8226 8382 8523 8780 9126 9496 9641 9843 
30 350 537 680 1092 1327 1883 2183 2638 3087 3416 3590 3859 4017 4410 5050 5458 5792 6042 6153 6310 6651 7085 7300 7574 7708 7872 8115 8799 8947 9873 
30 351 371 561 816 1426 2063 2362 2707 3042 3374 3611 4102 4532 4977 5148 5467 5801 6162 6467 6692 7116 7377 7743 8108 8192 8557 8787 9400 9701 9890 
28 352 424 616 927 1185 1535 2235 2732 2871 3187 3662 4103 4392 4839 5478 6218 6689 7246 7782 7921 8047 8301 8538 8767 9021 9060 9792 9872 
29 353 807 1061 1668 2082 2314 2495 2725 3040 3094 3516 3826 4344 4677 4999 5654 6023 6326 6616 7018 7070 7546 7827 7979 8280 8515 8990 9497 9762 
29 354 602 1042 1133 1831 2253 2412 2735 3274 3654 3870 4358 4931 5256 5520 6085 6282 6447 6662 6785 7501 7778 7964 8262 8421 8704 8723 9259 9521 
